{"/app/applet/config.ts": {"path":"/app/applet/config.ts","statementMap":{"0":{"start":{"line":2,"column":32},"end":{"line":2,"column":null}},"1":{"start":{"line":3,"column":28},"end":{"line":3,"column":null}},"2":{"start":{"line":4,"column":29},"end":{"line":4,"column":null}},"3":{"start":{"line":5,"column":32},"end":{"line":5,"column":null}},"4":{"start":{"line":6,"column":29},"end":{"line":6,"column":null}},"5":{"start":{"line":7,"column":30},"end":{"line":7,"column":null}},"6":{"start":{"line":23,"column":47},"end":{"line":28,"column":null}},"7":{"start":{"line":30,"column":27},"end":{"line":47,"column":null}},"8":{"start":{"line":56,"column":65},"end":{"line":63,"column":null}},"9":{"start":{"line":243,"column":49},"end":{"line":335,"column":null}}},"fnMap":{},"branchMap":{},"s":{"0":2,"1":2,"2":2,"3":2,"4":2,"5":2,"6":2,"7":2,"8":2,"9":2},"f":{},"b":{},"meta":{"lastBranch":0,"lastFunction":0,"lastStatement":10,"seen":{"s:2:32:2:Infinity":0,"s:3:28:3:Infinity":1,"s:4:29:4:Infinity":2,"s:5:32:5:Infinity":3,"s:6:29:6:Infinity":4,"s:7:30:7:Infinity":5,"s:23:47:28:Infinity":6,"s:30:27:47:Infinity":7,"s:56:65:63:Infinity":8,"s:243:49:335:Infinity":9},"fnNames":{}}}
,"/app/applet/core.ts": {"path":"/app/applet/core.ts","statementMap":{"0":{"start":{"line":11,"column":17},"end":{"line":11,"column":null}},"1":{"start":{"line":12,"column":8},"end":{"line":17,"column":null}},"2":{"start":{"line":13,"column":26},"end":{"line":13,"column":null}},"3":{"start":{"line":14,"column":24},"end":{"line":14,"column":null}},"4":{"start":{"line":14,"column":41},"end":{"line":14,"column":null}},"5":{"start":{"line":14,"column":75},"end":{"line":14,"column":129}},"6":{"start":{"line":15,"column":12},"end":{"line":15,"column":null}},"7":{"start":{"line":16,"column":12},"end":{"line":16,"column":null}},"8":{"start":{"line":18,"column":8},"end":{"line":18,"column":null}},"9":{"start":{"line":22,"column":20},"end":{"line":22,"column":null}},"10":{"start":{"line":23,"column":21},"end":{"line":23,"column":null}},"11":{"start":{"line":24,"column":28},"end":{"line":27,"column":null}},"12":{"start":{"line":28,"column":8},"end":{"line":31,"column":null}},"13":{"start":{"line":35,"column":8},"end":{"line":44,"column":null}},"14":{"start":{"line":36,"column":24},"end":{"line":36,"column":null}},"15":{"start":{"line":37,"column":23},"end":{"line":37,"column":null}},"16":{"start":{"line":38,"column":24},"end":{"line":38,"column":null}},"17":{"start":{"line":39,"column":30},"end":{"line":39,"column":null}},"18":{"start":{"line":40,"column":12},"end":{"line":40,"column":null}},"19":{"start":{"line":42,"column":12},"end":{"line":42,"column":null}},"20":{"start":{"line":43,"column":12},"end":{"line":43,"column":null}},"21":{"start":{"line":48,"column":8},"end":{"line":61,"column":null}},"22":{"start":{"line":49,"column":28},"end":{"line":49,"column":null}},"23":{"start":{"line":50,"column":12},"end":{"line":57,"column":null}},"24":{"start":{"line":51,"column":28},"end":{"line":51,"column":null}},"25":{"start":{"line":52,"column":34},"end":{"line":55,"column":null}},"26":{"start":{"line":56,"column":16},"end":{"line":56,"column":null}},"27":{"start":{"line":58,"column":12},"end":{"line":58,"column":null}},"28":{"start":{"line":60,"column":12},"end":{"line":60,"column":null}},"29":{"start":{"line":60,"column":18},"end":{"line":60,"column":48}},"30":{"start":{"line":60,"column":63},"end":{"line":60,"column":76}},"31":{"start":{"line":65,"column":20},"end":{"line":65,"column":null}},"32":{"start":{"line":66,"column":19},"end":{"line":66,"column":null}},"33":{"start":{"line":67,"column":8},"end":{"line":70,"column":null}},"34":{"start":{"line":67,"column":21},"end":{"line":67,"column":24}},"35":{"start":{"line":68,"column":12},"end":{"line":68,"column":null}},"36":{"start":{"line":69,"column":12},"end":{"line":69,"column":null}},"37":{"start":{"line":71,"column":8},"end":{"line":71,"column":null}},"38":{"start":{"line":75,"column":21},"end":{"line":75,"column":null}},"39":{"start":{"line":76,"column":20},"end":{"line":76,"column":null}},"40":{"start":{"line":77,"column":19},"end":{"line":77,"column":null}},"41":{"start":{"line":78,"column":8},"end":{"line":81,"column":null}},"42":{"start":{"line":78,"column":21},"end":{"line":78,"column":24}},"43":{"start":{"line":79,"column":12},"end":{"line":79,"column":null}},"44":{"start":{"line":80,"column":12},"end":{"line":80,"column":null}},"45":{"start":{"line":82,"column":8},"end":{"line":82,"column":null}},"46":{"start":{"line":87,"column":8},"end":{"line":87,"column":null}},"47":{"start":{"line":87,"column":57},"end":{"line":87,"column":null}},"48":{"start":{"line":88,"column":22},"end":{"line":88,"column":null}},"49":{"start":{"line":89,"column":8},"end":{"line":89,"column":null}},"50":{"start":{"line":89,"column":30},"end":{"line":89,"column":null}},"51":{"start":{"line":91,"column":27},"end":{"line":91,"column":null}},"52":{"start":{"line":92,"column":26},"end":{"line":92,"column":null}},"53":{"start":{"line":94,"column":8},"end":{"line":110,"column":null}},"54":{"start":{"line":96,"column":28},"end":{"line":96,"column":null}},"55":{"start":{"line":97,"column":45},"end":{"line":97,"column":null}},"56":{"start":{"line":100,"column":12},"end":{"line":100,"column":null}},"57":{"start":{"line":100,"column":43},"end":{"line":100,"column":null}},"58":{"start":{"line":101,"column":12},"end":{"line":101,"column":null}},"59":{"start":{"line":101,"column":85},"end":{"line":101,"column":null}},"60":{"start":{"line":103,"column":31},"end":{"line":103,"column":null}},"61":{"start":{"line":104,"column":12},"end":{"line":104,"column":null}},"62":{"start":{"line":104,"column":41},"end":{"line":104,"column":null}},"63":{"start":{"line":106,"column":33},"end":{"line":106,"column":null}},"64":{"start":{"line":107,"column":12},"end":{"line":107,"column":null}},"65":{"start":{"line":107,"column":58},"end":{"line":107,"column":null}},"66":{"start":{"line":109,"column":12},"end":{"line":109,"column":null}},"67":{"start":{"line":110,"column":22},"end":{"line":110,"column":35}},"68":{"start":{"line":115,"column":26},"end":{"line":115,"column":null}},"69":{"start":{"line":116,"column":8},"end":{"line":116,"column":null}},"70":{"start":{"line":116,"column":23},"end":{"line":116,"column":null}},"71":{"start":{"line":119,"column":22},"end":{"line":119,"column":null}},"72":{"start":{"line":120,"column":8},"end":{"line":120,"column":null}},"73":{"start":{"line":120,"column":67},"end":{"line":120,"column":null}},"74":{"start":{"line":122,"column":71},"end":{"line":122,"column":null}},"75":{"start":{"line":123,"column":21},"end":{"line":123,"column":null}},"76":{"start":{"line":124,"column":8},"end":{"line":124,"column":null}},"77":{"start":{"line":124,"column":19},"end":{"line":124,"column":null}},"78":{"start":{"line":126,"column":24},"end":{"line":126,"column":null}},"79":{"start":{"line":127,"column":8},"end":{"line":127,"column":null}},"80":{"start":{"line":127,"column":34},"end":{"line":127,"column":null}},"81":{"start":{"line":129,"column":8},"end":{"line":142,"column":null}},"82":{"start":{"line":130,"column":25},"end":{"line":130,"column":null}},"83":{"start":{"line":131,"column":26},"end":{"line":131,"column":null}},"84":{"start":{"line":132,"column":24},"end":{"line":132,"column":null}},"85":{"start":{"line":133,"column":27},"end":{"line":133,"column":null}},"86":{"start":{"line":134,"column":12},"end":{"line":134,"column":null}},"87":{"start":{"line":134,"column":41},"end":{"line":134,"column":null}},"88":{"start":{"line":136,"column":29},"end":{"line":136,"column":null}},"89":{"start":{"line":137,"column":37},"end":{"line":137,"column":null}},"90":{"start":{"line":139,"column":12},"end":{"line":139,"column":null}},"91":{"start":{"line":139,"column":47},"end":{"line":139,"column":null}},"92":{"start":{"line":141,"column":12},"end":{"line":141,"column":null}},"93":{"start":{"line":142,"column":22},"end":{"line":142,"column":35}},"94":{"start":{"line":146,"column":23},"end":{"line":178,"column":null}},"95":{"start":{"line":148,"column":8},"end":{"line":153,"column":null}},"96":{"start":{"line":149,"column":28},"end":{"line":149,"column":null}},"97":{"start":{"line":150,"column":12},"end":{"line":150,"column":null}},"98":{"start":{"line":150,"column":44},"end":{"line":150,"column":null}},"99":{"start":{"line":151,"column":12},"end":{"line":151,"column":null}},"100":{"start":{"line":151,"column":38},"end":{"line":151,"column":null}},"101":{"start":{"line":152,"column":12},"end":{"line":152,"column":null}},"102":{"start":{"line":152,"column":36},"end":{"line":152,"column":null}},"103":{"start":{"line":156,"column":19},"end":{"line":156,"column":null}},"104":{"start":{"line":157,"column":8},"end":{"line":162,"column":null}},"105":{"start":{"line":158,"column":23},"end":{"line":158,"column":null}},"106":{"start":{"line":159,"column":12},"end":{"line":159,"column":null}},"107":{"start":{"line":160,"column":12},"end":{"line":160,"column":null}},"108":{"start":{"line":160,"column":34},"end":{"line":160,"column":null}},"109":{"start":{"line":161,"column":12},"end":{"line":161,"column":null}},"110":{"start":{"line":161,"column":31},"end":{"line":161,"column":null}},"111":{"start":{"line":165,"column":19},"end":{"line":165,"column":null}},"112":{"start":{"line":166,"column":8},"end":{"line":171,"column":null}},"113":{"start":{"line":167,"column":23},"end":{"line":167,"column":null}},"114":{"start":{"line":168,"column":24},"end":{"line":168,"column":null}},"115":{"start":{"line":169,"column":12},"end":{"line":169,"column":null}},"116":{"start":{"line":169,"column":34},"end":{"line":169,"column":null}},"117":{"start":{"line":170,"column":12},"end":{"line":170,"column":null}},"118":{"start":{"line":170,"column":32},"end":{"line":170,"column":null}},"119":{"start":{"line":174,"column":19},"end":{"line":174,"column":null}},"120":{"start":{"line":175,"column":19},"end":{"line":175,"column":null}},"121":{"start":{"line":176,"column":8},"end":{"line":176,"column":null}},"122":{"start":{"line":185,"column":4},"end":{"line":185,"column":null}},"123":{"start":{"line":187,"column":4},"end":{"line":187,"column":null}},"124":{"start":{"line":190,"column":26},"end":{"line":190,"column":null}},"125":{"start":{"line":191,"column":8},"end":{"line":191,"column":null}},"126":{"start":{"line":191,"column":24},"end":{"line":191,"column":null}},"127":{"start":{"line":192,"column":29},"end":{"line":192,"column":null}},"128":{"start":{"line":194,"column":32},"end":{"line":194,"column":null}},"129":{"start":{"line":196,"column":8},"end":{"line":208,"column":null}},"130":{"start":{"line":197,"column":12},"end":{"line":207,"column":null}},"131":{"start":{"line":198,"column":16},"end":{"line":198,"column":null}},"132":{"start":{"line":199,"column":16},"end":{"line":204,"column":null}},"133":{"start":{"line":200,"column":20},"end":{"line":200,"column":null}},"134":{"start":{"line":202,"column":38},"end":{"line":202,"column":null}},"135":{"start":{"line":203,"column":20},"end":{"line":203,"column":null}},"136":{"start":{"line":206,"column":16},"end":{"line":206,"column":null}},"137":{"start":{"line":210,"column":8},"end":{"line":226,"column":null}},"138":{"start":{"line":211,"column":27},"end":{"line":211,"column":null}},"139":{"start":{"line":212,"column":12},"end":{"line":225,"column":null}},"140":{"start":{"line":213,"column":31},"end":{"line":213,"column":null}},"141":{"start":{"line":214,"column":16},"end":{"line":224,"column":null}},"142":{"start":{"line":215,"column":20},"end":{"line":215,"column":null}},"143":{"start":{"line":217,"column":20},"end":{"line":223,"column":null}},"144":{"start":{"line":218,"column":24},"end":{"line":222,"column":null}},"145":{"start":{"line":219,"column":28},"end":{"line":219,"column":null}},"146":{"start":{"line":221,"column":28},"end":{"line":221,"column":null}},"147":{"start":{"line":228,"column":8},"end":{"line":233,"column":null}},"148":{"start":{"line":229,"column":12},"end":{"line":229,"column":null}},"149":{"start":{"line":231,"column":12},"end":{"line":231,"column":null}},"150":{"start":{"line":232,"column":12},"end":{"line":232,"column":null}},"151":{"start":{"line":236,"column":8},"end":{"line":238,"column":null}},"152":{"start":{"line":237,"column":12},"end":{"line":237,"column":null}},"153":{"start":{"line":239,"column":8},"end":{"line":241,"column":null}},"154":{"start":{"line":240,"column":12},"end":{"line":240,"column":null}},"155":{"start":{"line":242,"column":8},"end":{"line":244,"column":null}},"156":{"start":{"line":243,"column":12},"end":{"line":243,"column":null}},"157":{"start":{"line":246,"column":24},"end":{"line":246,"column":null}},"158":{"start":{"line":246,"column":62},"end":{"line":246,"column":91}},"159":{"start":{"line":247,"column":8},"end":{"line":269,"column":null}},"160":{"start":{"line":248,"column":12},"end":{"line":267,"column":null}},"161":{"start":{"line":268,"column":12},"end":{"line":268,"column":null}},"162":{"start":{"line":271,"column":25},"end":{"line":271,"column":null}},"163":{"start":{"line":271,"column":63},"end":{"line":271,"column":171}},"164":{"start":{"line":272,"column":8},"end":{"line":302,"column":null}},"165":{"start":{"line":273,"column":12},"end":{"line":283,"column":null}},"166":{"start":{"line":284,"column":12},"end":{"line":284,"column":null}},"167":{"start":{"line":286,"column":12},"end":{"line":286,"column":null}},"168":{"start":{"line":288,"column":12},"end":{"line":290,"column":null}},"169":{"start":{"line":289,"column":16},"end":{"line":289,"column":null}},"170":{"start":{"line":291,"column":12},"end":{"line":293,"column":null}},"171":{"start":{"line":292,"column":16},"end":{"line":292,"column":null}},"172":{"start":{"line":294,"column":12},"end":{"line":296,"column":null}},"173":{"start":{"line":295,"column":16},"end":{"line":295,"column":null}},"174":{"start":{"line":297,"column":12},"end":{"line":299,"column":null}},"175":{"start":{"line":298,"column":16},"end":{"line":298,"column":null}},"176":{"start":{"line":300,"column":12},"end":{"line":300,"column":null}},"177":{"start":{"line":301,"column":12},"end":{"line":301,"column":null}},"178":{"start":{"line":304,"column":27},"end":{"line":304,"column":null}},"179":{"start":{"line":304,"column":65},"end":{"line":304,"column":146}},"180":{"start":{"line":305,"column":8},"end":{"line":330,"column":null}},"181":{"start":{"line":306,"column":12},"end":{"line":326,"column":null}},"182":{"start":{"line":327,"column":12},"end":{"line":327,"column":null}},"183":{"start":{"line":329,"column":12},"end":{"line":329,"column":null}},"184":{"start":{"line":333,"column":8},"end":{"line":336,"column":null}},"185":{"start":{"line":334,"column":12},"end":{"line":334,"column":null}},"186":{"start":{"line":334,"column":81},"end":{"line":334,"column":110}},"187":{"start":{"line":335,"column":12},"end":{"line":335,"column":null}},"188":{"start":{"line":339,"column":8},"end":{"line":345,"column":null}},"189":{"start":{"line":341,"column":12},"end":{"line":344,"column":null}},"190":{"start":{"line":342,"column":16},"end":{"line":342,"column":null}},"191":{"start":{"line":342,"column":43},"end":{"line":342,"column":null}},"192":{"start":{"line":343,"column":16},"end":{"line":343,"column":null}},"193":{"start":{"line":347,"column":8},"end":{"line":349,"column":null}},"194":{"start":{"line":348,"column":12},"end":{"line":348,"column":null}},"195":{"start":{"line":352,"column":29},"end":{"line":352,"column":null}},"196":{"start":{"line":352,"column":68},"end":{"line":352,"column":101}},"197":{"start":{"line":353,"column":33},"end":{"line":353,"column":null}},"198":{"start":{"line":354,"column":8},"end":{"line":365,"column":null}},"199":{"start":{"line":355,"column":12},"end":{"line":355,"column":null}},"200":{"start":{"line":356,"column":12},"end":{"line":358,"column":null}},"201":{"start":{"line":357,"column":16},"end":{"line":357,"column":null}},"202":{"start":{"line":359,"column":12},"end":{"line":359,"column":null}},"203":{"start":{"line":360,"column":12},"end":{"line":360,"column":null}},"204":{"start":{"line":361,"column":12},"end":{"line":361,"column":null}},"205":{"start":{"line":362,"column":12},"end":{"line":362,"column":null}},"206":{"start":{"line":363,"column":12},"end":{"line":363,"column":null}},"207":{"start":{"line":364,"column":12},"end":{"line":364,"column":null}},"208":{"start":{"line":369,"column":8},"end":{"line":369,"column":null}},"209":{"start":{"line":369,"column":30},"end":{"line":369,"column":null}},"210":{"start":{"line":370,"column":8},"end":{"line":370,"column":null}},"211":{"start":{"line":370,"column":51},"end":{"line":370,"column":73}},"212":{"start":{"line":374,"column":26},"end":{"line":374,"column":null}},"213":{"start":{"line":375,"column":8},"end":{"line":375,"column":null}},"214":{"start":{"line":375,"column":24},"end":{"line":375,"column":null}},"215":{"start":{"line":378,"column":8},"end":{"line":389,"column":null}},"216":{"start":{"line":379,"column":30},"end":{"line":379,"column":null}},"217":{"start":{"line":379,"column":73},"end":{"line":379,"column":111}},"218":{"start":{"line":380,"column":12},"end":{"line":388,"column":null}},"219":{"start":{"line":381,"column":16},"end":{"line":381,"column":null}},"220":{"start":{"line":382,"column":16},"end":{"line":382,"column":null}},"221":{"start":{"line":383,"column":16},"end":{"line":383,"column":null}},"222":{"start":{"line":384,"column":16},"end":{"line":384,"column":null}},"223":{"start":{"line":385,"column":16},"end":{"line":385,"column":null}},"224":{"start":{"line":386,"column":16},"end":{"line":386,"column":null}},"225":{"start":{"line":387,"column":16},"end":{"line":387,"column":null}},"226":{"start":{"line":391,"column":29},"end":{"line":391,"column":null}},"227":{"start":{"line":392,"column":26},"end":{"line":392,"column":null}},"228":{"start":{"line":393,"column":8},"end":{"line":393,"column":null}},"229":{"start":{"line":395,"column":8},"end":{"line":401,"column":null}},"230":{"start":{"line":396,"column":12},"end":{"line":400,"column":null}},"231":{"start":{"line":397,"column":16},"end":{"line":397,"column":null}},"232":{"start":{"line":399,"column":16},"end":{"line":399,"column":null}},"233":{"start":{"line":403,"column":8},"end":{"line":403,"column":null}}},"fnMap":{"0":{"name":"getDeviceId","decl":{"start":{"line":10,"column":11},"end":{"line":10,"column":33}},"loc":{"start":{"line":10,"column":33},"end":{"line":19,"column":null}},"line":10},"1":{"name":"(anonymous_1)","decl":{"start":{"line":14,"column":24},"end":{"line":14,"column":25}},"loc":{"start":{"line":14,"column":41},"end":{"line":14,"column":null}},"line":14},"2":{"name":"(anonymous_2)","decl":{"start":{"line":14,"column":69},"end":{"line":14,"column":75}},"loc":{"start":{"line":14,"column":75},"end":{"line":14,"column":129}},"line":14},"3":{"name":"getAesKey","decl":{"start":{"line":21,"column":25},"end":{"line":21,"column":57}},"loc":{"start":{"line":21,"column":57},"end":{"line":32,"column":null}},"line":21},"4":{"name":"encrypt","decl":{"start":{"line":34,"column":17},"end":{"line":34,"column":25}},"loc":{"start":{"line":34,"column":53},"end":{"line":45,"column":null}},"line":34},"5":{"name":"decrypt","decl":{"start":{"line":47,"column":17},"end":{"line":47,"column":25}},"loc":{"start":{"line":47,"column":58},"end":{"line":62,"column":null}},"line":47},"6":{"name":"generateNexoSignature","decl":{"start":{"line":64,"column":11},"end":{"line":64,"column":33}},"loc":{"start":{"line":64,"column":75},"end":{"line":72,"column":null}},"line":64},"7":{"name":"generateNexoChecksum","decl":{"start":{"line":74,"column":11},"end":{"line":74,"column":32}},"loc":{"start":{"line":74,"column":75},"end":{"line":83,"column":null}},"line":74},"8":{"name":"validateOfflineLicenseV1","decl":{"start":{"line":85,"column":11},"end":{"line":85,"column":36}},"loc":{"start":{"line":85,"column":110},"end":{"line":111,"column":null}},"line":85},"9":{"name":"validateLicenseAlgorithm","decl":{"start":{"line":113,"column":11},"end":{"line":113,"column":36}},"loc":{"start":{"line":113,"column":108},"end":{"line":143,"column":null}},"line":113},"10":{"name":"(anonymous_10)","decl":{"start":{"line":147,"column":10},"end":{"line":147,"column":38}},"loc":{"start":{"line":147,"column":38},"end":{"line":154,"column":null}},"line":147},"11":{"name":"(anonymous_11)","decl":{"start":{"line":148,"column":27},"end":{"line":148,"column":28}},"loc":{"start":{"line":148,"column":48},"end":{"line":153,"column":9}},"line":148},"12":{"name":"(anonymous_12)","decl":{"start":{"line":150,"column":38},"end":{"line":150,"column":44}},"loc":{"start":{"line":150,"column":44},"end":{"line":150,"column":null}},"line":150},"13":{"name":"(anonymous_13)","decl":{"start":{"line":151,"column":32},"end":{"line":151,"column":38}},"loc":{"start":{"line":151,"column":38},"end":{"line":151,"column":null}},"line":151},"14":{"name":"(anonymous_14)","decl":{"start":{"line":152,"column":30},"end":{"line":152,"column":36}},"loc":{"start":{"line":152,"column":36},"end":{"line":152,"column":null}},"line":152},"15":{"name":"(anonymous_15)","decl":{"start":{"line":155,"column":10},"end":{"line":155,"column":17}},"loc":{"start":{"line":155,"column":45},"end":{"line":163,"column":null}},"line":155},"16":{"name":"(anonymous_16)","decl":{"start":{"line":157,"column":27},"end":{"line":157,"column":28}},"loc":{"start":{"line":157,"column":48},"end":{"line":162,"column":9}},"line":157},"17":{"name":"(anonymous_17)","decl":{"start":{"line":160,"column":28},"end":{"line":160,"column":34}},"loc":{"start":{"line":160,"column":34},"end":{"line":160,"column":null}},"line":160},"18":{"name":"(anonymous_18)","decl":{"start":{"line":161,"column":25},"end":{"line":161,"column":31}},"loc":{"start":{"line":161,"column":31},"end":{"line":161,"column":null}},"line":161},"19":{"name":"(anonymous_19)","decl":{"start":{"line":164,"column":9},"end":{"line":164,"column":16}},"loc":{"start":{"line":164,"column":54},"end":{"line":172,"column":null}},"line":164},"20":{"name":"(anonymous_20)","decl":{"start":{"line":166,"column":27},"end":{"line":166,"column":28}},"loc":{"start":{"line":166,"column":48},"end":{"line":171,"column":9}},"line":166},"21":{"name":"(anonymous_21)","decl":{"start":{"line":169,"column":28},"end":{"line":169,"column":34}},"loc":{"start":{"line":169,"column":34},"end":{"line":169,"column":null}},"line":169},"22":{"name":"(anonymous_22)","decl":{"start":{"line":170,"column":26},"end":{"line":170,"column":32}},"loc":{"start":{"line":170,"column":32},"end":{"line":170,"column":null}},"line":170},"23":{"name":"(anonymous_23)","decl":{"start":{"line":173,"column":12},"end":{"line":173,"column":19}},"loc":{"start":{"line":173,"column":35},"end":{"line":177,"column":null}},"line":173},"24":{"name":"(anonymous_24)","decl":{"start":{"line":187,"column":40},"end":{"line":187,"column":46}},"loc":{"start":{"line":187,"column":46},"end":{"line":187,"column":null}},"line":187},"25":{"name":"load","decl":{"start":{"line":189,"column":17},"end":{"line":189,"column":24}},"loc":{"start":{"line":189,"column":24},"end":{"line":366,"column":null}},"line":189},"26":{"name":"(anonymous_26)","decl":{"start":{"line":246,"column":57},"end":{"line":246,"column":62}},"loc":{"start":{"line":246,"column":62},"end":{"line":246,"column":91}},"line":246},"27":{"name":"(anonymous_27)","decl":{"start":{"line":271,"column":58},"end":{"line":271,"column":63}},"loc":{"start":{"line":271,"column":63},"end":{"line":271,"column":171}},"line":271},"28":{"name":"(anonymous_28)","decl":{"start":{"line":304,"column":60},"end":{"line":304,"column":65}},"loc":{"start":{"line":304,"column":65},"end":{"line":304,"column":146}},"line":304},"29":{"name":"(anonymous_29)","decl":{"start":{"line":334,"column":73},"end":{"line":334,"column":81}},"loc":{"start":{"line":334,"column":81},"end":{"line":334,"column":110}},"line":334},"30":{"name":"(anonymous_30)","decl":{"start":{"line":341,"column":56},"end":{"line":341,"column":57}},"loc":{"start":{"line":341,"column":68},"end":{"line":344,"column":13}},"line":341},"31":{"name":"(anonymous_31)","decl":{"start":{"line":352,"column":63},"end":{"line":352,"column":68}},"loc":{"start":{"line":352,"column":68},"end":{"line":352,"column":101}},"line":352},"32":{"name":"save","decl":{"start":{"line":368,"column":11},"end":{"line":368,"column":18}},"loc":{"start":{"line":368,"column":18},"end":{"line":371,"column":null}},"line":368},"33":{"name":"(anonymous_33)","decl":{"start":{"line":370,"column":45},"end":{"line":370,"column":51}},"loc":{"start":{"line":370,"column":51},"end":{"line":370,"column":73}},"line":370},"34":{"name":"saveImmediate","decl":{"start":{"line":373,"column":17},"end":{"line":373,"column":33}},"loc":{"start":{"line":373,"column":33},"end":{"line":404,"column":null}},"line":373},"35":{"name":"(anonymous_35)","decl":{"start":{"line":379,"column":68},"end":{"line":379,"column":73}},"loc":{"start":{"line":379,"column":73},"end":{"line":379,"column":111}},"line":379}},"branchMap":{"0":{"loc":{"start":{"line":12,"column":8},"end":{"line":17,"column":null}},"type":"if","locations":[{"start":{"line":12,"column":8},"end":{"line":17,"column":null}},{"start":{},"end":{}}],"line":12},"1":{"loc":{"start":{"line":50,"column":12},"end":{"line":57,"column":null}},"type":"if","locations":[{"start":{"line":50,"column":12},"end":{"line":57,"column":null}},{"start":{},"end":{}}],"line":50},"2":{"loc":{"start":{"line":50,"column":16},"end":{"line":50,"column":44}},"type":"binary-expr","locations":[{"start":{"line":50,"column":16},"end":{"line":50,"column":30}},{"start":{"line":50,"column":30},"end":{"line":50,"column":44}}],"line":50},"3":{"loc":{"start":{"line":87,"column":8},"end":{"line":87,"column":null}},"type":"if","locations":[{"start":{"line":87,"column":8},"end":{"line":87,"column":null}},{"start":{},"end":{}}],"line":87},"4":{"loc":{"start":{"line":89,"column":8},"end":{"line":89,"column":null}},"type":"if","locations":[{"start":{"line":89,"column":8},"end":{"line":89,"column":null}},{"start":{},"end":{}}],"line":89},"5":{"loc":{"start":{"line":100,"column":12},"end":{"line":100,"column":null}},"type":"if","locations":[{"start":{"line":100,"column":12},"end":{"line":100,"column":null}},{"start":{},"end":{}}],"line":100},"6":{"loc":{"start":{"line":101,"column":12},"end":{"line":101,"column":null}},"type":"if","locations":[{"start":{"line":101,"column":12},"end":{"line":101,"column":null}},{"start":{},"end":{}}],"line":101},"7":{"loc":{"start":{"line":101,"column":16},"end":{"line":101,"column":85}},"type":"binary-expr","locations":[{"start":{"line":101,"column":16},"end":{"line":101,"column":25}},{"start":{"line":101,"column":25},"end":{"line":101,"column":85}}],"line":101},"8":{"loc":{"start":{"line":104,"column":12},"end":{"line":104,"column":null}},"type":"if","locations":[{"start":{"line":104,"column":12},"end":{"line":104,"column":null}},{"start":{},"end":{}}],"line":104},"9":{"loc":{"start":{"line":107,"column":12},"end":{"line":107,"column":null}},"type":"if","locations":[{"start":{"line":107,"column":12},"end":{"line":107,"column":null}},{"start":{},"end":{}}],"line":107},"10":{"loc":{"start":{"line":116,"column":8},"end":{"line":116,"column":null}},"type":"if","locations":[{"start":{"line":116,"column":8},"end":{"line":116,"column":null}},{"start":{},"end":{}}],"line":116},"11":{"loc":{"start":{"line":120,"column":8},"end":{"line":120,"column":null}},"type":"if","locations":[{"start":{"line":120,"column":8},"end":{"line":120,"column":null}},{"start":{},"end":{}}],"line":120},"12":{"loc":{"start":{"line":120,"column":12},"end":{"line":120,"column":67}},"type":"binary-expr","locations":[{"start":{"line":120,"column":12},"end":{"line":120,"column":34}},{"start":{"line":120,"column":34},"end":{"line":120,"column":67}}],"line":120},"13":{"loc":{"start":{"line":124,"column":8},"end":{"line":124,"column":null}},"type":"if","locations":[{"start":{"line":124,"column":8},"end":{"line":124,"column":null}},{"start":{},"end":{}}],"line":124},"14":{"loc":{"start":{"line":127,"column":8},"end":{"line":127,"column":null}},"type":"if","locations":[{"start":{"line":127,"column":8},"end":{"line":127,"column":null}},{"start":{},"end":{}}],"line":127},"15":{"loc":{"start":{"line":134,"column":12},"end":{"line":134,"column":null}},"type":"if","locations":[{"start":{"line":134,"column":12},"end":{"line":134,"column":null}},{"start":{},"end":{}}],"line":134},"16":{"loc":{"start":{"line":139,"column":12},"end":{"line":139,"column":null}},"type":"if","locations":[{"start":{"line":139,"column":12},"end":{"line":139,"column":null}},{"start":{},"end":{}}],"line":139},"17":{"loc":{"start":{"line":169,"column":42},"end":{"line":169,"column":60}},"type":"binary-expr","locations":[{"start":{"line":169,"column":42},"end":{"line":169,"column":56}},{"start":{"line":169,"column":56},"end":{"line":169,"column":60}}],"line":169},"18":{"loc":{"start":{"line":191,"column":8},"end":{"line":191,"column":null}},"type":"if","locations":[{"start":{"line":191,"column":8},"end":{"line":191,"column":null}},{"start":{},"end":{}}],"line":191},"19":{"loc":{"start":{"line":196,"column":8},"end":{"line":208,"column":null}},"type":"if","locations":[{"start":{"line":196,"column":8},"end":{"line":208,"column":null}},{"start":{},"end":{}}],"line":196},"20":{"loc":{"start":{"line":199,"column":16},"end":{"line":204,"column":null}},"type":"if","locations":[{"start":{"line":199,"column":16},"end":{"line":204,"column":null}},{"start":{},"end":{}}],"line":199},"21":{"loc":{"start":{"line":210,"column":8},"end":{"line":226,"column":null}},"type":"if","locations":[{"start":{"line":210,"column":8},"end":{"line":226,"column":null}},{"start":{},"end":{}}],"line":210},"22":{"loc":{"start":{"line":212,"column":12},"end":{"line":225,"column":null}},"type":"if","locations":[{"start":{"line":212,"column":12},"end":{"line":225,"column":null}},{"start":{},"end":{}}],"line":212},"23":{"loc":{"start":{"line":214,"column":16},"end":{"line":224,"column":null}},"type":"if","locations":[{"start":{"line":214,"column":16},"end":{"line":224,"column":null}},{"start":{},"end":{}}],"line":214},"24":{"loc":{"start":{"line":217,"column":20},"end":{"line":223,"column":null}},"type":"if","locations":[{"start":{"line":217,"column":20},"end":{"line":223,"column":null}},{"start":{},"end":{}}],"line":217},"25":{"loc":{"start":{"line":228,"column":8},"end":{"line":233,"column":null}},"type":"if","locations":[{"start":{"line":228,"column":8},"end":{"line":233,"column":null}},{"start":{"line":230,"column":15},"end":{"line":233,"column":null}}],"line":228},"26":{"loc":{"start":{"line":236,"column":8},"end":{"line":238,"column":null}},"type":"if","locations":[{"start":{"line":236,"column":8},"end":{"line":238,"column":null}},{"start":{},"end":{}}],"line":236},"27":{"loc":{"start":{"line":239,"column":8},"end":{"line":241,"column":null}},"type":"if","locations":[{"start":{"line":239,"column":8},"end":{"line":241,"column":null}},{"start":{},"end":{}}],"line":239},"28":{"loc":{"start":{"line":242,"column":8},"end":{"line":244,"column":null}},"type":"if","locations":[{"start":{"line":242,"column":8},"end":{"line":244,"column":null}},{"start":{},"end":{}}],"line":242},"29":{"loc":{"start":{"line":247,"column":8},"end":{"line":269,"column":null}},"type":"if","locations":[{"start":{"line":247,"column":8},"end":{"line":269,"column":null}},{"start":{},"end":{}}],"line":247},"30":{"loc":{"start":{"line":271,"column":63},"end":{"line":271,"column":171}},"type":"binary-expr","locations":[{"start":{"line":271,"column":63},"end":{"line":271,"column":117}},{"start":{"line":271,"column":117},"end":{"line":271,"column":171}}],"line":271},"31":{"loc":{"start":{"line":272,"column":8},"end":{"line":302,"column":null}},"type":"if","locations":[{"start":{"line":272,"column":8},"end":{"line":302,"column":null}},{"start":{"line":285,"column":15},"end":{"line":302,"column":null}}],"line":272},"32":{"loc":{"start":{"line":279,"column":34},"end":{"line":279,"column":null}},"type":"cond-expr","locations":[{"start":{"line":279,"column":77},"end":{"line":279,"column":106}},{"start":{"line":279,"column":106},"end":{"line":279,"column":null}}],"line":279},"33":{"loc":{"start":{"line":280,"column":41},"end":{"line":280,"column":null}},"type":"cond-expr","locations":[{"start":{"line":280,"column":91},"end":{"line":280,"column":127}},{"start":{"line":280,"column":127},"end":{"line":280,"column":null}}],"line":280},"34":{"loc":{"start":{"line":288,"column":12},"end":{"line":290,"column":null}},"type":"if","locations":[{"start":{"line":288,"column":12},"end":{"line":290,"column":null}},{"start":{},"end":{}}],"line":288},"35":{"loc":{"start":{"line":288,"column":16},"end":{"line":288,"column":78}},"type":"binary-expr","locations":[{"start":{"line":288,"column":16},"end":{"line":288,"column":42}},{"start":{"line":288,"column":42},"end":{"line":288,"column":78}}],"line":288},"36":{"loc":{"start":{"line":291,"column":12},"end":{"line":293,"column":null}},"type":"if","locations":[{"start":{"line":291,"column":12},"end":{"line":293,"column":null}},{"start":{},"end":{}}],"line":291},"37":{"loc":{"start":{"line":291,"column":16},"end":{"line":291,"column":70}},"type":"binary-expr","locations":[{"start":{"line":291,"column":16},"end":{"line":291,"column":38}},{"start":{"line":291,"column":38},"end":{"line":291,"column":70}}],"line":291},"38":{"loc":{"start":{"line":294,"column":12},"end":{"line":296,"column":null}},"type":"if","locations":[{"start":{"line":294,"column":12},"end":{"line":296,"column":null}},{"start":{},"end":{}}],"line":294},"39":{"loc":{"start":{"line":297,"column":12},"end":{"line":299,"column":null}},"type":"if","locations":[{"start":{"line":297,"column":12},"end":{"line":299,"column":null}},{"start":{},"end":{}}],"line":297},"40":{"loc":{"start":{"line":304,"column":65},"end":{"line":304,"column":146}},"type":"binary-expr","locations":[{"start":{"line":304,"column":65},"end":{"line":304,"column":102}},{"start":{"line":304,"column":102},"end":{"line":304,"column":146}}],"line":304},"41":{"loc":{"start":{"line":305,"column":8},"end":{"line":330,"column":null}},"type":"if","locations":[{"start":{"line":305,"column":8},"end":{"line":330,"column":null}},{"start":{"line":328,"column":15},"end":{"line":330,"column":null}}],"line":305},"42":{"loc":{"start":{"line":333,"column":8},"end":{"line":336,"column":null}},"type":"if","locations":[{"start":{"line":333,"column":8},"end":{"line":336,"column":null}},{"start":{},"end":{}}],"line":333},"43":{"loc":{"start":{"line":333,"column":12},"end":{"line":333,"column":117}},"type":"binary-expr","locations":[{"start":{"line":333,"column":12},"end":{"line":333,"column":44}},{"start":{"line":333,"column":44},"end":{"line":333,"column":75}},{"start":{"line":333,"column":75},"end":{"line":333,"column":117}}],"line":333},"44":{"loc":{"start":{"line":339,"column":8},"end":{"line":345,"column":null}},"type":"if","locations":[{"start":{"line":339,"column":8},"end":{"line":345,"column":null}},{"start":{},"end":{}}],"line":339},"45":{"loc":{"start":{"line":342,"column":16},"end":{"line":342,"column":null}},"type":"if","locations":[{"start":{"line":342,"column":16},"end":{"line":342,"column":null}},{"start":{},"end":{}}],"line":342},"46":{"loc":{"start":{"line":347,"column":8},"end":{"line":349,"column":null}},"type":"if","locations":[{"start":{"line":347,"column":8},"end":{"line":349,"column":null}},{"start":{},"end":{}}],"line":347},"47":{"loc":{"start":{"line":347,"column":12},"end":{"line":347,"column":109}},"type":"binary-expr","locations":[{"start":{"line":347,"column":12},"end":{"line":347,"column":40}},{"start":{"line":347,"column":40},"end":{"line":347,"column":69}},{"start":{"line":347,"column":69},"end":{"line":347,"column":109}}],"line":347},"48":{"loc":{"start":{"line":354,"column":8},"end":{"line":365,"column":null}},"type":"if","locations":[{"start":{"line":354,"column":8},"end":{"line":365,"column":null}},{"start":{},"end":{}}],"line":354},"49":{"loc":{"start":{"line":354,"column":12},"end":{"line":354,"column":46}},"type":"binary-expr","locations":[{"start":{"line":354,"column":12},"end":{"line":354,"column":28}},{"start":{"line":354,"column":28},"end":{"line":354,"column":46}}],"line":354},"50":{"loc":{"start":{"line":356,"column":12},"end":{"line":358,"column":null}},"type":"if","locations":[{"start":{"line":356,"column":12},"end":{"line":358,"column":null}},{"start":{},"end":{}}],"line":356},"51":{"loc":{"start":{"line":359,"column":47},"end":{"line":359,"column":null}},"type":"cond-expr","locations":[{"start":{"line":359,"column":97},"end":{"line":359,"column":133}},{"start":{"line":359,"column":133},"end":{"line":359,"column":null}}],"line":359},"52":{"loc":{"start":{"line":360,"column":43},"end":{"line":360,"column":null}},"type":"cond-expr","locations":[{"start":{"line":360,"column":89},"end":{"line":360,"column":121}},{"start":{"line":360,"column":121},"end":{"line":360,"column":null}}],"line":360},"53":{"loc":{"start":{"line":361,"column":50},"end":{"line":361,"column":null}},"type":"cond-expr","locations":[{"start":{"line":361,"column":103},"end":{"line":361,"column":142}},{"start":{"line":361,"column":142},"end":{"line":361,"column":null}}],"line":361},"54":{"loc":{"start":{"line":362,"column":41},"end":{"line":362,"column":null}},"type":"binary-expr","locations":[{"start":{"line":362,"column":41},"end":{"line":362,"column":72}},{"start":{"line":362,"column":72},"end":{"line":362,"column":null}}],"line":362},"55":{"loc":{"start":{"line":363,"column":37},"end":{"line":363,"column":null}},"type":"cond-expr","locations":[{"start":{"line":363,"column":77},"end":{"line":363,"column":103}},{"start":{"line":363,"column":103},"end":{"line":363,"column":null}}],"line":363},"56":{"loc":{"start":{"line":369,"column":8},"end":{"line":369,"column":null}},"type":"if","locations":[{"start":{"line":369,"column":8},"end":{"line":369,"column":null}},{"start":{},"end":{}}],"line":369},"57":{"loc":{"start":{"line":375,"column":8},"end":{"line":375,"column":null}},"type":"if","locations":[{"start":{"line":375,"column":8},"end":{"line":375,"column":null}},{"start":{},"end":{}}],"line":375},"58":{"loc":{"start":{"line":378,"column":8},"end":{"line":389,"column":null}},"type":"if","locations":[{"start":{"line":378,"column":8},"end":{"line":389,"column":null}},{"start":{},"end":{}}],"line":378},"59":{"loc":{"start":{"line":378,"column":12},"end":{"line":378,"column":74}},"type":"binary-expr","locations":[{"start":{"line":378,"column":12},"end":{"line":378,"column":45}},{"start":{"line":378,"column":45},"end":{"line":378,"column":74}}],"line":378},"60":{"loc":{"start":{"line":380,"column":12},"end":{"line":388,"column":null}},"type":"if","locations":[{"start":{"line":380,"column":12},"end":{"line":388,"column":null}},{"start":{},"end":{}}],"line":380},"61":{"loc":{"start":{"line":386,"column":72},"end":{"line":386,"column":null}},"type":"binary-expr","locations":[{"start":{"line":386,"column":72},"end":{"line":386,"column":102}},{"start":{"line":386,"column":102},"end":{"line":386,"column":null}}],"line":386},"62":{"loc":{"start":{"line":395,"column":8},"end":{"line":401,"column":null}},"type":"if","locations":[{"start":{"line":395,"column":8},"end":{"line":401,"column":null}},{"start":{},"end":{}}],"line":395}},"s":{"0":2,"1":2,"2":1,"3":1,"4":2,"5":8,"6":1,"7":1,"8":2,"9":0,"10":0,"11":0,"12":0,"13":0,"14":0,"15":0,"16":0,"17":0,"18":0,"19":0,"20":0,"21":0,"22":0,"23":0,"24":0,"25":0,"26":0,"27":0,"28":0,"29":0,"30":0,"31":0,"32":0,"33":0,"34":0,"35":0,"36":0,"37":0,"38":0,"39":0,"40":0,"41":0,"42":0,"43":0,"44":0,"45":0,"46":0,"47":0,"48":0,"49":0,"50":0,"51":0,"52":0,"53":0,"54":0,"55":0,"56":0,"57":0,"58":0,"59":0,"60":0,"61":0,"62":0,"63":0,"64":0,"65":0,"66":0,"67":0,"68":0,"69":0,"70":0,"71":0,"72":0,"73":0,"74":0,"75":0,"76":0,"77":0,"78":0,"79":0,"80":0,"81":0,"82":0,"83":0,"84":0,"85":0,"86":0,"87":0,"88":0,"89":0,"90":0,"91":0,"92":0,"93":0,"94":1,"95":0,"96":0,"97":0,"98":0,"99":0,"100":0,"101":0,"102":0,"103":0,"104":0,"105":0,"106":0,"107":0,"108":0,"109":0,"110":0,"111":0,"112":0,"113":0,"114":0,"115":0,"116":0,"117":0,"118":0,"119":0,"120":0,"121":0,"122":1,"123":1,"124":0,"125":0,"126":0,"127":0,"128":0,"129":0,"130":0,"131":0,"132":0,"133":0,"134":0,"135":0,"136":0,"137":0,"138":0,"139":0,"140":0,"141":0,"142":0,"143":0,"144":0,"145":0,"146":0,"147":0,"148":0,"149":0,"150":0,"151":0,"152":0,"153":0,"154":0,"155":0,"156":0,"157":0,"158":0,"159":0,"160":0,"161":0,"162":0,"163":0,"164":0,"165":0,"166":0,"167":0,"168":0,"169":0,"170":0,"171":0,"172":0,"173":0,"174":0,"175":0,"176":0,"177":0,"178":0,"179":0,"180":0,"181":0,"182":0,"183":0,"184":0,"185":0,"186":0,"187":0,"188":0,"189":0,"190":0,"191":0,"192":0,"193":0,"194":0,"195":0,"196":0,"197":0,"198":0,"199":0,"200":0,"201":0,"202":0,"203":0,"204":0,"205":0,"206":0,"207":0,"208":73,"209":0,"210":73,"211":73,"212":73,"213":73,"214":73,"215":0,"216":0,"217":0,"218":0,"219":0,"220":0,"221":0,"222":0,"223":0,"224":0,"225":0,"226":0,"227":0,"228":0,"229":0,"230":0,"231":0,"232":0,"233":0},"f":{"0":1,"1":2,"2":8,"3":1,"4":1,"5":1,"6":1,"7":1,"8":1,"9":1,"10":0,"11":0,"12":0,"13":0,"14":0,"15":0,"16":0,"17":0,"18":0,"19":0,"20":0,"21":0,"22":0,"23":0,"24":0,"25":1,"26":0,"27":0,"28":0,"29":0,"30":0,"31":0,"32":1,"33":73,"34":1,"35":0},"b":{"0":[1,1],"1":[0,0],"2":[0,0],"3":[0,0],"4":[0,0],"5":[0,0],"6":[0,0],"7":[0,0],"8":[0,0],"9":[0,0],"10":[0,0],"11":[0,0],"12":[0,0],"13":[0,0],"14":[0,0],"15":[0,0],"16":[0,0],"17":[0,0],"18":[0,0],"19":[0,0],"20":[0,0],"21":[0,0],"22":[0,0],"23":[0,0],"24":[0,0],"25":[0,0],"26":[0,0],"27":[0,0],"28":[0,0],"29":[0,0],"30":[0,0],"31":[0,0],"32":[0,0],"33":[0,0],"34":[0,0],"35":[0,0],"36":[0,0],"37":[0,0],"38":[0,0],"39":[0,0],"40":[0,0],"41":[0,0],"42":[0,0],"43":[0,0,0],"44":[0,0],"45":[0,0],"46":[0,0],"47":[0,0,0],"48":[0,0],"49":[0,0],"50":[0,0],"51":[0,0],"52":[0,0],"53":[0,0],"54":[0,0],"55":[0,0],"56":[0,73],"57":[73,0],"58":[0,0],"59":[0,0],"60":[0,0],"61":[0,0],"62":[0,0]},"meta":{"lastBranch":63,"lastFunction":36,"lastStatement":234,"seen":{"f:10:11:10:33":0,"s:11:17:11:Infinity":0,"b:12:8:17:Infinity:undefined:undefined:undefined:undefined":0,"s:12:8:17:Infinity":1,"s:13:26:13:Infinity":2,"s:14:24:14:Infinity":3,"f:14:24:14:25":1,"s:14:41:14:Infinity":4,"f:14:69:14:75":2,"s:14:75:14:129":5,"s:15:12:15:Infinity":6,"s:16:12:16:Infinity":7,"s:18:8:18:Infinity":8,"f:21:25:21:57":3,"s:22:20:22:Infinity":9,"s:23:21:23:Infinity":10,"s:24:28:27:Infinity":11,"s:28:8:31:Infinity":12,"f:34:17:34:25":4,"s:35:8:44:Infinity":13,"s:36:24:36:Infinity":14,"s:37:23:37:Infinity":15,"s:38:24:38:Infinity":16,"s:39:30:39:Infinity":17,"s:40:12:40:Infinity":18,"s:42:12:42:Infinity":19,"s:43:12:43:Infinity":20,"f:47:17:47:25":5,"s:48:8:61:Infinity":21,"s:49:28:49:Infinity":22,"b:50:12:57:Infinity:undefined:undefined:undefined:undefined":1,"s:50:12:57:Infinity":23,"b:50:16:50:30:50:30:50:44":2,"s:51:28:51:Infinity":24,"s:52:34:55:Infinity":25,"s:56:16:56:Infinity":26,"s:58:12:58:Infinity":27,"s:60:12:60:Infinity":28,"s:60:18:60:48":29,"s:60:63:60:76":30,"f:64:11:64:33":6,"s:65:20:65:Infinity":31,"s:66:19:66:Infinity":32,"s:67:8:70:Infinity":33,"s:67:21:67:24":34,"s:68:12:68:Infinity":35,"s:69:12:69:Infinity":36,"s:71:8:71:Infinity":37,"f:74:11:74:32":7,"s:75:21:75:Infinity":38,"s:76:20:76:Infinity":39,"s:77:19:77:Infinity":40,"s:78:8:81:Infinity":41,"s:78:21:78:24":42,"s:79:12:79:Infinity":43,"s:80:12:80:Infinity":44,"s:82:8:82:Infinity":45,"f:85:11:85:36":8,"b:87:8:87:Infinity:undefined:undefined:undefined:undefined":3,"s:87:8:87:Infinity":46,"s:87:57:87:Infinity":47,"s:88:22:88:Infinity":48,"b:89:8:89:Infinity:undefined:undefined:undefined:undefined":4,"s:89:8:89:Infinity":49,"s:89:30:89:Infinity":50,"s:91:27:91:Infinity":51,"s:92:26:92:Infinity":52,"s:94:8:110:Infinity":53,"s:96:28:96:Infinity":54,"s:97:45:97:Infinity":55,"b:100:12:100:Infinity:undefined:undefined:undefined:undefined":5,"s:100:12:100:Infinity":56,"s:100:43:100:Infinity":57,"b:101:12:101:Infinity:undefined:undefined:undefined:undefined":6,"s:101:12:101:Infinity":58,"b:101:16:101:25:101:25:101:85":7,"s:101:85:101:Infinity":59,"s:103:31:103:Infinity":60,"b:104:12:104:Infinity:undefined:undefined:undefined:undefined":8,"s:104:12:104:Infinity":61,"s:104:41:104:Infinity":62,"s:106:33:106:Infinity":63,"b:107:12:107:Infinity:undefined:undefined:undefined:undefined":9,"s:107:12:107:Infinity":64,"s:107:58:107:Infinity":65,"s:109:12:109:Infinity":66,"s:110:22:110:35":67,"f:113:11:113:36":9,"s:115:26:115:Infinity":68,"b:116:8:116:Infinity:undefined:undefined:undefined:undefined":10,"s:116:8:116:Infinity":69,"s:116:23:116:Infinity":70,"s:119:22:119:Infinity":71,"b:120:8:120:Infinity:undefined:undefined:undefined:undefined":11,"s:120:8:120:Infinity":72,"b:120:12:120:34:120:34:120:67":12,"s:120:67:120:Infinity":73,"s:122:71:122:Infinity":74,"s:123:21:123:Infinity":75,"b:124:8:124:Infinity:undefined:undefined:undefined:undefined":13,"s:124:8:124:Infinity":76,"s:124:19:124:Infinity":77,"s:126:24:126:Infinity":78,"b:127:8:127:Infinity:undefined:undefined:undefined:undefined":14,"s:127:8:127:Infinity":79,"s:127:34:127:Infinity":80,"s:129:8:142:Infinity":81,"s:130:25:130:Infinity":82,"s:131:26:131:Infinity":83,"s:132:24:132:Infinity":84,"s:133:27:133:Infinity":85,"b:134:12:134:Infinity:undefined:undefined:undefined:undefined":15,"s:134:12:134:Infinity":86,"s:134:41:134:Infinity":87,"s:136:29:136:Infinity":88,"s:137:37:137:Infinity":89,"b:139:12:139:Infinity:undefined:undefined:undefined:undefined":16,"s:139:12:139:Infinity":90,"s:139:47:139:Infinity":91,"s:141:12:141:Infinity":92,"s:142:22:142:35":93,"s:146:23:178:Infinity":94,"f:147:10:147:38":10,"s:148:8:153:Infinity":95,"f:148:27:148:28":11,"s:149:28:149:Infinity":96,"s:150:12:150:Infinity":97,"f:150:38:150:44":12,"s:150:44:150:Infinity":98,"s:151:12:151:Infinity":99,"f:151:32:151:38":13,"s:151:38:151:Infinity":100,"s:152:12:152:Infinity":101,"f:152:30:152:36":14,"s:152:36:152:Infinity":102,"f:155:10:155:17":15,"s:156:19:156:Infinity":103,"s:157:8:162:Infinity":104,"f:157:27:157:28":16,"s:158:23:158:Infinity":105,"s:159:12:159:Infinity":106,"s:160:12:160:Infinity":107,"f:160:28:160:34":17,"s:160:34:160:Infinity":108,"s:161:12:161:Infinity":109,"f:161:25:161:31":18,"s:161:31:161:Infinity":110,"f:164:9:164:16":19,"s:165:19:165:Infinity":111,"s:166:8:171:Infinity":112,"f:166:27:166:28":20,"s:167:23:167:Infinity":113,"s:168:24:168:Infinity":114,"s:169:12:169:Infinity":115,"f:169:28:169:34":21,"s:169:34:169:Infinity":116,"b:169:42:169:56:169:56:169:60":17,"s:170:12:170:Infinity":117,"f:170:26:170:32":22,"s:170:32:170:Infinity":118,"f:173:12:173:19":23,"s:174:19:174:Infinity":119,"s:175:19:175:Infinity":120,"s:176:8:176:Infinity":121,"s:185:4:185:Infinity":122,"s:187:4:187:Infinity":123,"f:187:40:187:46":24,"f:189:17:189:24":25,"s:190:26:190:Infinity":124,"b:191:8:191:Infinity:undefined:undefined:undefined:undefined":18,"s:191:8:191:Infinity":125,"s:191:24:191:Infinity":126,"s:192:29:192:Infinity":127,"s:194:32:194:Infinity":128,"b:196:8:208:Infinity:undefined:undefined:undefined:undefined":19,"s:196:8:208:Infinity":129,"s:197:12:207:Infinity":130,"s:198:16:198:Infinity":131,"b:199:16:204:Infinity:undefined:undefined:undefined:undefined":20,"s:199:16:204:Infinity":132,"s:200:20:200:Infinity":133,"s:202:38:202:Infinity":134,"s:203:20:203:Infinity":135,"s:206:16:206:Infinity":136,"b:210:8:226:Infinity:undefined:undefined:undefined:undefined":21,"s:210:8:226:Infinity":137,"s:211:27:211:Infinity":138,"b:212:12:225:Infinity:undefined:undefined:undefined:undefined":22,"s:212:12:225:Infinity":139,"s:213:31:213:Infinity":140,"b:214:16:224:Infinity:undefined:undefined:undefined:undefined":23,"s:214:16:224:Infinity":141,"s:215:20:215:Infinity":142,"b:217:20:223:Infinity:undefined:undefined:undefined:undefined":24,"s:217:20:223:Infinity":143,"s:218:24:222:Infinity":144,"s:219:28:219:Infinity":145,"s:221:28:221:Infinity":146,"b:228:8:233:Infinity:230:15:233:Infinity":25,"s:228:8:233:Infinity":147,"s:229:12:229:Infinity":148,"s:231:12:231:Infinity":149,"s:232:12:232:Infinity":150,"b:236:8:238:Infinity:undefined:undefined:undefined:undefined":26,"s:236:8:238:Infinity":151,"s:237:12:237:Infinity":152,"b:239:8:241:Infinity:undefined:undefined:undefined:undefined":27,"s:239:8:241:Infinity":153,"s:240:12:240:Infinity":154,"b:242:8:244:Infinity:undefined:undefined:undefined:undefined":28,"s:242:8:244:Infinity":155,"s:243:12:243:Infinity":156,"s:246:24:246:Infinity":157,"f:246:57:246:62":26,"s:246:62:246:91":158,"b:247:8:269:Infinity:undefined:undefined:undefined:undefined":29,"s:247:8:269:Infinity":159,"s:248:12:267:Infinity":160,"s:268:12:268:Infinity":161,"s:271:25:271:Infinity":162,"f:271:58:271:63":27,"s:271:63:271:171":163,"b:271:63:271:117:271:117:271:171":30,"b:272:8:302:Infinity:285:15:302:Infinity":31,"s:272:8:302:Infinity":164,"s:273:12:283:Infinity":165,"b:279:77:279:106:279:106:279:Infinity":32,"b:280:91:280:127:280:127:280:Infinity":33,"s:284:12:284:Infinity":166,"s:286:12:286:Infinity":167,"b:288:12:290:Infinity:undefined:undefined:undefined:undefined":34,"s:288:12:290:Infinity":168,"b:288:16:288:42:288:42:288:78":35,"s:289:16:289:Infinity":169,"b:291:12:293:Infinity:undefined:undefined:undefined:undefined":36,"s:291:12:293:Infinity":170,"b:291:16:291:38:291:38:291:70":37,"s:292:16:292:Infinity":171,"b:294:12:296:Infinity:undefined:undefined:undefined:undefined":38,"s:294:12:296:Infinity":172,"s:295:16:295:Infinity":173,"b:297:12:299:Infinity:undefined:undefined:undefined:undefined":39,"s:297:12:299:Infinity":174,"s:298:16:298:Infinity":175,"s:300:12:300:Infinity":176,"s:301:12:301:Infinity":177,"s:304:27:304:Infinity":178,"f:304:60:304:65":28,"s:304:65:304:146":179,"b:304:65:304:102:304:102:304:146":40,"b:305:8:330:Infinity:328:15:330:Infinity":41,"s:305:8:330:Infinity":180,"s:306:12:326:Infinity":181,"s:327:12:327:Infinity":182,"s:329:12:329:Infinity":183,"b:333:8:336:Infinity:undefined:undefined:undefined:undefined":42,"s:333:8:336:Infinity":184,"b:333:12:333:44:333:44:333:75:333:75:333:117":43,"s:334:12:334:Infinity":185,"f:334:73:334:81":29,"s:334:81:334:110":186,"s:335:12:335:Infinity":187,"b:339:8:345:Infinity:undefined:undefined:undefined:undefined":44,"s:339:8:345:Infinity":188,"s:341:12:344:Infinity":189,"f:341:56:341:57":30,"b:342:16:342:Infinity:undefined:undefined:undefined:undefined":45,"s:342:16:342:Infinity":190,"s:342:43:342:Infinity":191,"s:343:16:343:Infinity":192,"b:347:8:349:Infinity:undefined:undefined:undefined:undefined":46,"s:347:8:349:Infinity":193,"b:347:12:347:40:347:40:347:69:347:69:347:109":47,"s:348:12:348:Infinity":194,"s:352:29:352:Infinity":195,"f:352:63:352:68":31,"s:352:68:352:101":196,"s:353:33:353:Infinity":197,"b:354:8:365:Infinity:undefined:undefined:undefined:undefined":48,"s:354:8:365:Infinity":198,"b:354:12:354:28:354:28:354:46":49,"s:355:12:355:Infinity":199,"b:356:12:358:Infinity:undefined:undefined:undefined:undefined":50,"s:356:12:358:Infinity":200,"s:357:16:357:Infinity":201,"s:359:12:359:Infinity":202,"b:359:97:359:133:359:133:359:Infinity":51,"s:360:12:360:Infinity":203,"b:360:89:360:121:360:121:360:Infinity":52,"s:361:12:361:Infinity":204,"b:361:103:361:142:361:142:361:Infinity":53,"s:362:12:362:Infinity":205,"b:362:41:362:72:362:72:362:Infinity":54,"s:363:12:363:Infinity":206,"b:363:77:363:103:363:103:363:Infinity":55,"s:364:12:364:Infinity":207,"f:368:11:368:18":32,"b:369:8:369:Infinity:undefined:undefined:undefined:undefined":56,"s:369:8:369:Infinity":208,"s:369:30:369:Infinity":209,"s:370:8:370:Infinity":210,"f:370:45:370:51":33,"s:370:51:370:73":211,"f:373:17:373:33":34,"s:374:26:374:Infinity":212,"b:375:8:375:Infinity:undefined:undefined:undefined:undefined":57,"s:375:8:375:Infinity":213,"s:375:24:375:Infinity":214,"b:378:8:389:Infinity:undefined:undefined:undefined:undefined":58,"s:378:8:389:Infinity":215,"b:378:12:378:45:378:45:378:74":59,"s:379:30:379:Infinity":216,"f:379:68:379:73":35,"s:379:73:379:111":217,"b:380:12:388:Infinity:undefined:undefined:undefined:undefined":60,"s:380:12:388:Infinity":218,"s:381:16:381:Infinity":219,"s:382:16:382:Infinity":220,"s:383:16:383:Infinity":221,"s:384:16:384:Infinity":222,"s:385:16:385:Infinity":223,"s:386:16:386:Infinity":224,"b:386:72:386:102:386:102:386:Infinity":61,"s:387:16:387:Infinity":225,"s:391:29:391:Infinity":226,"s:392:26:392:Infinity":227,"s:393:8:393:Infinity":228,"b:395:8:401:Infinity:undefined:undefined:undefined:undefined":62,"s:395:8:401:Infinity":229,"s:396:12:400:Infinity":230,"s:397:16:397:Infinity":231,"s:399:16:399:Infinity":232,"s:403:8:403:Infinity":233},"fnNames":{}}}
,"/app/applet/engine.ts": {"path":"/app/applet/engine.ts","statementMap":{"0":{"start":{"line":7,"column":4},"end":{"line":7,"column":null}},"1":{"start":{"line":8,"column":4},"end":{"line":8,"column":null}},"2":{"start":{"line":13,"column":8},"end":{"line":16,"column":null}},"3":{"start":{"line":15,"column":12},"end":{"line":15,"column":null}},"4":{"start":{"line":17,"column":8},"end":{"line":17,"column":null}},"5":{"start":{"line":17,"column":44},"end":{"line":17,"column":null}},"6":{"start":{"line":21,"column":8},"end":{"line":21,"column":null}},"7":{"start":{"line":21,"column":23},"end":{"line":21,"column":null}},"8":{"start":{"line":22,"column":20},"end":{"line":22,"column":null}},"9":{"start":{"line":24,"column":8},"end":{"line":24,"column":null}},"10":{"start":{"line":24,"column":44},"end":{"line":24,"column":null}},"11":{"start":{"line":25,"column":8},"end":{"line":25,"column":null}},"12":{"start":{"line":27,"column":8},"end":{"line":27,"column":null}},"13":{"start":{"line":27,"column":44},"end":{"line":27,"column":null}},"14":{"start":{"line":28,"column":18},"end":{"line":28,"column":47}},"15":{"start":{"line":28,"column":51},"end":{"line":28,"column":null}},"16":{"start":{"line":29,"column":8},"end":{"line":29,"column":null}},"17":{"start":{"line":30,"column":8},"end":{"line":30,"column":null}},"18":{"start":{"line":31,"column":8},"end":{"line":31,"column":null}},"19":{"start":{"line":32,"column":8},"end":{"line":32,"column":null}},"20":{"start":{"line":33,"column":8},"end":{"line":33,"column":null}},"21":{"start":{"line":34,"column":8},"end":{"line":34,"column":22}},"22":{"start":{"line":34,"column":22},"end":{"line":34,"column":55}},"23":{"start":{"line":34,"column":55},"end":{"line":34,"column":66}},"24":{"start":{"line":34,"column":66},"end":{"line":34,"column":null}},"25":{"start":{"line":38,"column":8},"end":{"line":38,"column":null}},"26":{"start":{"line":38,"column":23},"end":{"line":38,"column":null}},"27":{"start":{"line":39,"column":8},"end":{"line":39,"column":null}},"28":{"start":{"line":39,"column":43},"end":{"line":39,"column":null}},"29":{"start":{"line":40,"column":8},"end":{"line":43,"column":null}},"30":{"start":{"line":41,"column":22},"end":{"line":41,"column":null}},"31":{"start":{"line":42,"column":12},"end":{"line":42,"column":35}},"32":{"start":{"line":42,"column":35},"end":{"line":42,"column":68}},"33":{"start":{"line":42,"column":68},"end":{"line":42,"column":108}},"34":{"start":{"line":42,"column":108},"end":{"line":42,"column":null}},"35":{"start":{"line":52,"column":8},"end":{"line":52,"column":null}},"36":{"start":{"line":53,"column":8},"end":{"line":53,"column":null}},"37":{"start":{"line":54,"column":8},"end":{"line":54,"column":null}},"38":{"start":{"line":57,"column":8},"end":{"line":57,"column":null}},"39":{"start":{"line":58,"column":8},"end":{"line":58,"column":null}},"40":{"start":{"line":59,"column":30},"end":{"line":59,"column":null}},"41":{"start":{"line":60,"column":8},"end":{"line":71,"column":null}},"42":{"start":{"line":60,"column":18},"end":{"line":60,"column":21}},"43":{"start":{"line":61,"column":34},"end":{"line":61,"column":null}},"44":{"start":{"line":62,"column":12},"end":{"line":70,"column":null}},"45":{"start":{"line":72,"column":8},"end":{"line":72,"column":null}},"46":{"start":{"line":75,"column":8},"end":{"line":75,"column":null}},"47":{"start":{"line":76,"column":8},"end":{"line":80,"column":null}},"48":{"start":{"line":77,"column":12},"end":{"line":77,"column":25}},"49":{"start":{"line":77,"column":25},"end":{"line":77,"column":38}},"50":{"start":{"line":77,"column":38},"end":{"line":77,"column":51}},"51":{"start":{"line":77,"column":51},"end":{"line":77,"column":null}},"52":{"start":{"line":78,"column":12},"end":{"line":78,"column":42}},"53":{"start":{"line":78,"column":42},"end":{"line":78,"column":70}},"54":{"start":{"line":78,"column":70},"end":{"line":78,"column":null}},"55":{"start":{"line":79,"column":12},"end":{"line":79,"column":null}},"56":{"start":{"line":79,"column":25},"end":{"line":79,"column":null}},"57":{"start":{"line":81,"column":8},"end":{"line":81,"column":null}},"58":{"start":{"line":81,"column":30},"end":{"line":81,"column":null}},"59":{"start":{"line":81,"column":56},"end":{"line":81,"column":67}},"60":{"start":{"line":100,"column":8},"end":{"line":100,"column":null}},"61":{"start":{"line":101,"column":8},"end":{"line":101,"column":null}},"62":{"start":{"line":102,"column":8},"end":{"line":102,"column":null}},"63":{"start":{"line":103,"column":8},"end":{"line":103,"column":null}},"64":{"start":{"line":104,"column":8},"end":{"line":104,"column":null}},"65":{"start":{"line":105,"column":8},"end":{"line":105,"column":null}},"66":{"start":{"line":109,"column":18},"end":{"line":109,"column":24}},"67":{"start":{"line":109,"column":29},"end":{"line":109,"column":null}},"68":{"start":{"line":110,"column":23},"end":{"line":110,"column":null}},"69":{"start":{"line":111,"column":23},"end":{"line":111,"column":null}},"70":{"start":{"line":113,"column":8},"end":{"line":113,"column":null}},"71":{"start":{"line":114,"column":27},"end":{"line":114,"column":null}},"72":{"start":{"line":115,"column":8},"end":{"line":115,"column":null}},"73":{"start":{"line":115,"column":30},"end":{"line":115,"column":null}},"74":{"start":{"line":117,"column":28},"end":{"line":117,"column":null}},"75":{"start":{"line":118,"column":30},"end":{"line":118,"column":null}},"76":{"start":{"line":121,"column":8},"end":{"line":121,"column":null}},"77":{"start":{"line":122,"column":8},"end":{"line":122,"column":null}},"78":{"start":{"line":123,"column":8},"end":{"line":123,"column":null}},"79":{"start":{"line":124,"column":8},"end":{"line":124,"column":null}},"80":{"start":{"line":125,"column":8},"end":{"line":125,"column":null}},"81":{"start":{"line":128,"column":8},"end":{"line":128,"column":null}},"82":{"start":{"line":129,"column":8},"end":{"line":129,"column":null}},"83":{"start":{"line":130,"column":8},"end":{"line":130,"column":null}},"84":{"start":{"line":131,"column":8},"end":{"line":131,"column":null}},"85":{"start":{"line":134,"column":30},"end":{"line":134,"column":null}},"86":{"start":{"line":135,"column":8},"end":{"line":184,"column":null}},"87":{"start":{"line":136,"column":12},"end":{"line":136,"column":null}},"88":{"start":{"line":137,"column":12},"end":{"line":137,"column":null}},"89":{"start":{"line":138,"column":28},"end":{"line":138,"column":null}},"90":{"start":{"line":139,"column":12},"end":{"line":141,"column":null}},"91":{"start":{"line":140,"column":16},"end":{"line":140,"column":null}},"92":{"start":{"line":142,"column":12},"end":{"line":142,"column":null}},"93":{"start":{"line":143,"column":12},"end":{"line":143,"column":null}},"94":{"start":{"line":144,"column":12},"end":{"line":144,"column":null}},"95":{"start":{"line":145,"column":12},"end":{"line":145,"column":null}},"96":{"start":{"line":148,"column":12},"end":{"line":148,"column":null}},"97":{"start":{"line":149,"column":12},"end":{"line":149,"column":null}},"98":{"start":{"line":150,"column":12},"end":{"line":150,"column":null}},"99":{"start":{"line":153,"column":12},"end":{"line":153,"column":null}},"100":{"start":{"line":154,"column":12},"end":{"line":154,"column":null}},"101":{"start":{"line":157,"column":27},"end":{"line":157,"column":null}},"102":{"start":{"line":158,"column":12},"end":{"line":158,"column":null}},"103":{"start":{"line":158,"column":32},"end":{"line":158,"column":null}},"104":{"start":{"line":159,"column":12},"end":{"line":159,"column":null}},"105":{"start":{"line":159,"column":33},"end":{"line":159,"column":null}},"106":{"start":{"line":160,"column":12},"end":{"line":160,"column":null}},"107":{"start":{"line":160,"column":33},"end":{"line":160,"column":null}},"108":{"start":{"line":161,"column":12},"end":{"line":161,"column":null}},"109":{"start":{"line":161,"column":33},"end":{"line":161,"column":null}},"110":{"start":{"line":164,"column":33},"end":{"line":164,"column":null}},"111":{"start":{"line":165,"column":12},"end":{"line":165,"column":null}},"112":{"start":{"line":166,"column":28},"end":{"line":166,"column":null}},"113":{"start":{"line":167,"column":12},"end":{"line":171,"column":null}},"114":{"start":{"line":168,"column":16},"end":{"line":168,"column":null}},"115":{"start":{"line":169,"column":16},"end":{"line":169,"column":null}},"116":{"start":{"line":169,"column":35},"end":{"line":169,"column":null}},"117":{"start":{"line":170,"column":16},"end":{"line":170,"column":null}},"118":{"start":{"line":173,"column":12},"end":{"line":173,"column":null}},"119":{"start":{"line":174,"column":12},"end":{"line":174,"column":null}},"120":{"start":{"line":177,"column":12},"end":{"line":177,"column":null}},"121":{"start":{"line":178,"column":12},"end":{"line":178,"column":null}},"122":{"start":{"line":180,"column":12},"end":{"line":180,"column":null}},"123":{"start":{"line":181,"column":12},"end":{"line":181,"column":null}},"124":{"start":{"line":183,"column":12},"end":{"line":183,"column":null}},"125":{"start":{"line":187,"column":26},"end":{"line":187,"column":null}},"126":{"start":{"line":188,"column":8},"end":{"line":188,"column":null}},"127":{"start":{"line":189,"column":8},"end":{"line":211,"column":null}},"128":{"start":{"line":189,"column":21},"end":{"line":189,"column":24}},"129":{"start":{"line":190,"column":30},"end":{"line":190,"column":null}},"130":{"start":{"line":192,"column":23},"end":{"line":192,"column":null}},"131":{"start":{"line":193,"column":23},"end":{"line":193,"column":null}},"132":{"start":{"line":195,"column":12},"end":{"line":195,"column":null}},"133":{"start":{"line":196,"column":12},"end":{"line":196,"column":null}},"134":{"start":{"line":199,"column":31},"end":{"line":199,"column":null}},"135":{"start":{"line":200,"column":26},"end":{"line":200,"column":null}},"136":{"start":{"line":202,"column":12},"end":{"line":209,"column":null}},"137":{"start":{"line":203,"column":16},"end":{"line":203,"column":null}},"138":{"start":{"line":204,"column":16},"end":{"line":204,"column":null}},"139":{"start":{"line":205,"column":16},"end":{"line":205,"column":null}},"140":{"start":{"line":207,"column":16},"end":{"line":207,"column":null}},"141":{"start":{"line":208,"column":16},"end":{"line":208,"column":null}},"142":{"start":{"line":210,"column":12},"end":{"line":210,"column":null}},"143":{"start":{"line":212,"column":8},"end":{"line":212,"column":null}},"144":{"start":{"line":216,"column":8},"end":{"line":216,"column":null}},"145":{"start":{"line":216,"column":28},"end":{"line":216,"column":null}},"146":{"start":{"line":217,"column":8},"end":{"line":217,"column":null}},"147":{"start":{"line":219,"column":8},"end":{"line":219,"column":null}},"148":{"start":{"line":219,"column":30},"end":{"line":219,"column":null}},"149":{"start":{"line":222,"column":8},"end":{"line":230,"column":null}},"150":{"start":{"line":223,"column":12},"end":{"line":223,"column":null}},"151":{"start":{"line":224,"column":12},"end":{"line":229,"column":null}},"152":{"start":{"line":225,"column":16},"end":{"line":225,"column":null}},"153":{"start":{"line":226,"column":16},"end":{"line":226,"column":null}},"154":{"start":{"line":227,"column":16},"end":{"line":227,"column":null}},"155":{"start":{"line":227,"column":38},"end":{"line":227,"column":null}},"156":{"start":{"line":228,"column":16},"end":{"line":228,"column":null}},"157":{"start":{"line":232,"column":8},"end":{"line":232,"column":null}},"158":{"start":{"line":234,"column":21},"end":{"line":234,"column":null}},"159":{"start":{"line":235,"column":8},"end":{"line":244,"column":null}},"160":{"start":{"line":236,"column":31},"end":{"line":236,"column":null}},"161":{"start":{"line":237,"column":12},"end":{"line":243,"column":null}},"162":{"start":{"line":238,"column":36},"end":{"line":238,"column":null}},"163":{"start":{"line":239,"column":22},"end":{"line":239,"column":null}},"164":{"start":{"line":240,"column":34},"end":{"line":240,"column":null}},"165":{"start":{"line":241,"column":16},"end":{"line":241,"column":null}},"166":{"start":{"line":241,"column":39},"end":{"line":241,"column":null}},"167":{"start":{"line":242,"column":16},"end":{"line":242,"column":null}},"168":{"start":{"line":246,"column":22},"end":{"line":246,"column":null}},"169":{"start":{"line":247,"column":28},"end":{"line":247,"column":null}},"170":{"start":{"line":249,"column":21},"end":{"line":271,"column":null}},"171":{"start":{"line":250,"column":22},"end":{"line":250,"column":null}},"172":{"start":{"line":251,"column":12},"end":{"line":251,"column":null}},"173":{"start":{"line":254,"column":31},"end":{"line":254,"column":null}},"174":{"start":{"line":255,"column":12},"end":{"line":263,"column":null}},"175":{"start":{"line":256,"column":36},"end":{"line":256,"column":null}},"176":{"start":{"line":258,"column":37},"end":{"line":258,"column":null}},"177":{"start":{"line":259,"column":16},"end":{"line":262,"column":null}},"178":{"start":{"line":260,"column":20},"end":{"line":260,"column":null}},"179":{"start":{"line":261,"column":20},"end":{"line":261,"column":null}},"180":{"start":{"line":265,"column":12},"end":{"line":265,"column":null}},"181":{"start":{"line":266,"column":12},"end":{"line":270,"column":null}},"182":{"start":{"line":266,"column":22},"end":{"line":266,"column":null}},"183":{"start":{"line":268,"column":16},"end":{"line":268,"column":null}},"184":{"start":{"line":269,"column":16},"end":{"line":269,"column":null}},"185":{"start":{"line":272,"column":8},"end":{"line":272,"column":null}},"186":{"start":{"line":276,"column":27},"end":{"line":276,"column":null}},"187":{"start":{"line":277,"column":8},"end":{"line":277,"column":null}},"188":{"start":{"line":277,"column":30},"end":{"line":277,"column":null}},"189":{"start":{"line":279,"column":28},"end":{"line":279,"column":null}},"190":{"start":{"line":281,"column":12},"end":{"line":281,"column":null}},"191":{"start":{"line":282,"column":8},"end":{"line":282,"column":null}},"192":{"start":{"line":282,"column":33},"end":{"line":282,"column":null}},"193":{"start":{"line":284,"column":18},"end":{"line":284,"column":null}},"194":{"start":{"line":285,"column":8},"end":{"line":285,"column":null}},"195":{"start":{"line":287,"column":8},"end":{"line":287,"column":null}},"196":{"start":{"line":288,"column":23},"end":{"line":288,"column":null}},"197":{"start":{"line":289,"column":8},"end":{"line":289,"column":null}},"198":{"start":{"line":290,"column":8},"end":{"line":290,"column":null}},"199":{"start":{"line":291,"column":8},"end":{"line":291,"column":null}},"200":{"start":{"line":291,"column":33},"end":{"line":291,"column":null}},"201":{"start":{"line":295,"column":24},"end":{"line":295,"column":null}},"202":{"start":{"line":297,"column":0},"end":{"line":297,"column":null}},"203":{"start":{"line":297,"column":35},"end":{"line":297,"column":null}}},"fnMap":{"0":{"name":"constructor","decl":{"start":{"line":10,"column":4},"end":{"line":10,"column":18}},"loc":{"start":{"line":10,"column":18},"end":{"line":10,"column":null}},"line":10},"1":{"name":"init","decl":{"start":{"line":12,"column":4},"end":{"line":12,"column":11}},"loc":{"start":{"line":12,"column":11},"end":{"line":18,"column":null}},"line":12},"2":{"name":"playTick","decl":{"start":{"line":20,"column":4},"end":{"line":20,"column":15}},"loc":{"start":{"line":20,"column":15},"end":{"line":35,"column":null}},"line":20},"3":{"name":"playWin","decl":{"start":{"line":37,"column":4},"end":{"line":37,"column":14}},"loc":{"start":{"line":37,"column":14},"end":{"line":44,"column":null}},"line":37},"4":{"name":"(anonymous_4)","decl":{"start":{"line":40,"column":32},"end":{"line":40,"column":33}},"loc":{"start":{"line":40,"column":42},"end":{"line":43,"column":9}},"line":40},"5":{"name":"constructor_2","decl":{"start":{"line":51,"column":4},"end":{"line":51,"column":18}},"loc":{"start":{"line":51,"column":18},"end":{"line":55,"column":null}},"line":51},"6":{"name":"burst","decl":{"start":{"line":56,"column":4},"end":{"line":56,"column":12}},"loc":{"start":{"line":56,"column":12},"end":{"line":73,"column":null}},"line":56},"7":{"name":"loop","decl":{"start":{"line":74,"column":4},"end":{"line":74,"column":11}},"loc":{"start":{"line":74,"column":11},"end":{"line":82,"column":null}},"line":74},"8":{"name":"(anonymous_8)","decl":{"start":{"line":76,"column":27},"end":{"line":76,"column":28}},"loc":{"start":{"line":76,"column":36},"end":{"line":80,"column":9}},"line":76},"9":{"name":"(anonymous_9)","decl":{"start":{"line":81,"column":52},"end":{"line":81,"column":56}},"loc":{"start":{"line":81,"column":56},"end":{"line":81,"column":67}},"line":81},"10":{"name":"constructor_3","decl":{"start":{"line":99,"column":4},"end":{"line":99,"column":18}},"loc":{"start":{"line":99,"column":18},"end":{"line":106,"column":null}},"line":99},"11":{"name":"draw","decl":{"start":{"line":108,"column":4},"end":{"line":108,"column":11}},"loc":{"start":{"line":108,"column":11},"end":{"line":213,"column":null}},"line":108},"12":{"name":"(anonymous_12)","decl":{"start":{"line":135,"column":43},"end":{"line":135,"column":44}},"loc":{"start":{"line":135,"column":53},"end":{"line":184,"column":9}},"line":135},"13":{"name":"spin","decl":{"start":{"line":215,"column":10},"end":{"line":215,"column":15}},"loc":{"start":{"line":215,"column":35},"end":{"line":273,"column":null}},"line":215},"14":{"name":"(anonymous_14)","decl":{"start":{"line":249,"column":21},"end":{"line":249,"column":22}},"loc":{"start":{"line":249,"column":38},"end":{"line":271,"column":null}},"line":249},"15":{"name":"finalize","decl":{"start":{"line":275,"column":4},"end":{"line":275,"column":15}},"loc":{"start":{"line":275,"column":15},"end":{"line":292,"column":null}},"line":275}},"branchMap":{"0":{"loc":{"start":{"line":13,"column":8},"end":{"line":16,"column":null}},"type":"if","locations":[{"start":{"line":13,"column":8},"end":{"line":16,"column":null}},{"start":{},"end":{}}],"line":13},"1":{"loc":{"start":{"line":15,"column":28},"end":{"line":15,"column":78}},"type":"binary-expr","locations":[{"start":{"line":15,"column":28},"end":{"line":15,"column":51}},{"start":{"line":15,"column":51},"end":{"line":15,"column":78}}],"line":15},"2":{"loc":{"start":{"line":17,"column":8},"end":{"line":17,"column":null}},"type":"if","locations":[{"start":{"line":17,"column":8},"end":{"line":17,"column":null}},{"start":{},"end":{}}],"line":17},"3":{"loc":{"start":{"line":21,"column":8},"end":{"line":21,"column":null}},"type":"if","locations":[{"start":{"line":21,"column":8},"end":{"line":21,"column":null}},{"start":{},"end":{}}],"line":21},"4":{"loc":{"start":{"line":24,"column":8},"end":{"line":24,"column":null}},"type":"if","locations":[{"start":{"line":24,"column":8},"end":{"line":24,"column":null}},{"start":{},"end":{}}],"line":24},"5":{"loc":{"start":{"line":27,"column":8},"end":{"line":27,"column":null}},"type":"if","locations":[{"start":{"line":27,"column":8},"end":{"line":27,"column":null}},{"start":{},"end":{}}],"line":27},"6":{"loc":{"start":{"line":38,"column":8},"end":{"line":38,"column":null}},"type":"if","locations":[{"start":{"line":38,"column":8},"end":{"line":38,"column":null}},{"start":{},"end":{}}],"line":38},"7":{"loc":{"start":{"line":39,"column":8},"end":{"line":39,"column":null}},"type":"if","locations":[{"start":{"line":39,"column":8},"end":{"line":39,"column":null}},{"start":{},"end":{}}],"line":39},"8":{"loc":{"start":{"line":59,"column":30},"end":{"line":59,"column":null}},"type":"binary-expr","locations":[{"start":{"line":59,"column":30},"end":{"line":59,"column":102}},{"start":{"line":59,"column":102},"end":{"line":59,"column":null}}],"line":59},"9":{"loc":{"start":{"line":61,"column":34},"end":{"line":61,"column":null}},"type":"cond-expr","locations":[{"start":{"line":61,"column":56},"end":{"line":61,"column":80}},{"start":{"line":61,"column":80},"end":{"line":61,"column":null}}],"line":61},"10":{"loc":{"start":{"line":79,"column":12},"end":{"line":79,"column":null}},"type":"if","locations":[{"start":{"line":79,"column":12},"end":{"line":79,"column":null}},{"start":{},"end":{}}],"line":79},"11":{"loc":{"start":{"line":81,"column":8},"end":{"line":81,"column":null}},"type":"if","locations":[{"start":{"line":81,"column":8},"end":{"line":81,"column":null}},{"start":{},"end":{}}],"line":81},"12":{"loc":{"start":{"line":115,"column":8},"end":{"line":115,"column":null}},"type":"if","locations":[{"start":{"line":115,"column":8},"end":{"line":115,"column":null}},{"start":{},"end":{}}],"line":115},"13":{"loc":{"start":{"line":118,"column":30},"end":{"line":118,"column":null}},"type":"binary-expr","locations":[{"start":{"line":118,"column":30},"end":{"line":118,"column":102}},{"start":{"line":118,"column":102},"end":{"line":118,"column":null}}],"line":118},"14":{"loc":{"start":{"line":138,"column":28},"end":{"line":138,"column":null}},"type":"cond-expr","locations":[{"start":{"line":138,"column":36},"end":{"line":138,"column":62}},{"start":{"line":138,"column":62},"end":{"line":138,"column":null}}],"line":138},"15":{"loc":{"start":{"line":139,"column":12},"end":{"line":141,"column":null}},"type":"if","locations":[{"start":{"line":139,"column":12},"end":{"line":141,"column":null}},{"start":{},"end":{}}],"line":139},"16":{"loc":{"start":{"line":139,"column":16},"end":{"line":139,"column":62}},"type":"binary-expr","locations":[{"start":{"line":139,"column":16},"end":{"line":139,"column":40}},{"start":{"line":139,"column":40},"end":{"line":139,"column":62}}],"line":139},"17":{"loc":{"start":{"line":158,"column":12},"end":{"line":158,"column":null}},"type":"if","locations":[{"start":{"line":158,"column":12},"end":{"line":158,"column":null}},{"start":{},"end":{}}],"line":158},"18":{"loc":{"start":{"line":159,"column":12},"end":{"line":159,"column":null}},"type":"if","locations":[{"start":{"line":159,"column":12},"end":{"line":159,"column":null}},{"start":{},"end":{}}],"line":159},"19":{"loc":{"start":{"line":160,"column":12},"end":{"line":160,"column":null}},"type":"if","locations":[{"start":{"line":160,"column":12},"end":{"line":160,"column":null}},{"start":{},"end":{}}],"line":160},"20":{"loc":{"start":{"line":161,"column":12},"end":{"line":161,"column":null}},"type":"if","locations":[{"start":{"line":161,"column":12},"end":{"line":161,"column":null}},{"start":{},"end":{}}],"line":161},"21":{"loc":{"start":{"line":167,"column":12},"end":{"line":171,"column":null}},"type":"if","locations":[{"start":{"line":167,"column":12},"end":{"line":171,"column":null}},{"start":{},"end":{}}],"line":167},"22":{"loc":{"start":{"line":169,"column":16},"end":{"line":169,"column":null}},"type":"if","locations":[{"start":{"line":169,"column":16},"end":{"line":169,"column":null}},{"start":{},"end":{}}],"line":169},"23":{"loc":{"start":{"line":199,"column":31},"end":{"line":199,"column":null}},"type":"cond-expr","locations":[{"start":{"line":199,"column":49},"end":{"line":199,"column":54}},{"start":{"line":199,"column":54},"end":{"line":199,"column":null}}],"line":199},"24":{"loc":{"start":{"line":202,"column":12},"end":{"line":209,"column":null}},"type":"if","locations":[{"start":{"line":202,"column":12},"end":{"line":209,"column":null}},{"start":{"line":206,"column":19},"end":{"line":209,"column":null}}],"line":202},"25":{"loc":{"start":{"line":216,"column":8},"end":{"line":216,"column":null}},"type":"if","locations":[{"start":{"line":216,"column":8},"end":{"line":216,"column":null}},{"start":{},"end":{}}],"line":216},"26":{"loc":{"start":{"line":219,"column":8},"end":{"line":219,"column":null}},"type":"if","locations":[{"start":{"line":219,"column":8},"end":{"line":219,"column":null}},{"start":{},"end":{}}],"line":219},"27":{"loc":{"start":{"line":222,"column":8},"end":{"line":230,"column":null}},"type":"if","locations":[{"start":{"line":222,"column":8},"end":{"line":230,"column":null}},{"start":{},"end":{}}],"line":222},"28":{"loc":{"start":{"line":222,"column":12},"end":{"line":222,"column":94}},"type":"binary-expr","locations":[{"start":{"line":222,"column":12},"end":{"line":222,"column":53}},{"start":{"line":222,"column":53},"end":{"line":222,"column":94}}],"line":222},"29":{"loc":{"start":{"line":223,"column":52},"end":{"line":223,"column":97}},"type":"binary-expr","locations":[{"start":{"line":223,"column":52},"end":{"line":223,"column":92}},{"start":{"line":223,"column":92},"end":{"line":223,"column":97}}],"line":223},"30":{"loc":{"start":{"line":224,"column":12},"end":{"line":229,"column":null}},"type":"if","locations":[{"start":{"line":224,"column":12},"end":{"line":229,"column":null}},{"start":{},"end":{}}],"line":224},"31":{"loc":{"start":{"line":227,"column":16},"end":{"line":227,"column":null}},"type":"if","locations":[{"start":{"line":227,"column":16},"end":{"line":227,"column":null}},{"start":{},"end":{}}],"line":227},"32":{"loc":{"start":{"line":235,"column":8},"end":{"line":244,"column":null}},"type":"if","locations":[{"start":{"line":235,"column":8},"end":{"line":244,"column":null}},{"start":{},"end":{}}],"line":235},"33":{"loc":{"start":{"line":235,"column":12},"end":{"line":235,"column":55}},"type":"binary-expr","locations":[{"start":{"line":235,"column":12},"end":{"line":235,"column":39}},{"start":{"line":235,"column":39},"end":{"line":235,"column":55}}],"line":235},"34":{"loc":{"start":{"line":237,"column":12},"end":{"line":243,"column":null}},"type":"if","locations":[{"start":{"line":237,"column":12},"end":{"line":243,"column":null}},{"start":{},"end":{}}],"line":237},"35":{"loc":{"start":{"line":255,"column":12},"end":{"line":263,"column":null}},"type":"if","locations":[{"start":{"line":255,"column":12},"end":{"line":263,"column":null}},{"start":{},"end":{}}],"line":255},"36":{"loc":{"start":{"line":259,"column":16},"end":{"line":262,"column":null}},"type":"if","locations":[{"start":{"line":259,"column":16},"end":{"line":262,"column":null}},{"start":{},"end":{}}],"line":259},"37":{"loc":{"start":{"line":266,"column":12},"end":{"line":270,"column":null}},"type":"if","locations":[{"start":{"line":266,"column":12},"end":{"line":270,"column":null}},{"start":{"line":267,"column":17},"end":{"line":270,"column":null}}],"line":266},"38":{"loc":{"start":{"line":277,"column":8},"end":{"line":277,"column":null}},"type":"if","locations":[{"start":{"line":277,"column":8},"end":{"line":277,"column":null}},{"start":{},"end":{}}],"line":277},"39":{"loc":{"start":{"line":282,"column":8},"end":{"line":282,"column":null}},"type":"if","locations":[{"start":{"line":282,"column":8},"end":{"line":282,"column":null}},{"start":{},"end":{}}],"line":282},"40":{"loc":{"start":{"line":291,"column":8},"end":{"line":291,"column":null}},"type":"if","locations":[{"start":{"line":291,"column":8},"end":{"line":291,"column":null}},{"start":{},"end":{}}],"line":291},"41":{"loc":{"start":{"line":297,"column":0},"end":{"line":297,"column":null}},"type":"if","locations":[{"start":{"line":297,"column":0},"end":{"line":297,"column":null}},{"start":{},"end":{}}],"line":297}},"s":{"0":1,"1":1,"2":0,"3":0,"4":0,"5":0,"6":0,"7":0,"8":0,"9":0,"10":0,"11":0,"12":0,"13":0,"14":0,"15":0,"16":0,"17":0,"18":0,"19":0,"20":0,"21":0,"22":0,"23":0,"24":0,"25":0,"26":0,"27":0,"28":0,"29":0,"30":0,"31":0,"32":0,"33":0,"34":0,"35":1,"36":1,"37":1,"38":0,"39":0,"40":0,"41":0,"42":0,"43":0,"44":0,"45":0,"46":0,"47":0,"48":0,"49":0,"50":0,"51":0,"52":0,"53":0,"54":0,"55":0,"56
[...]
ty":47,"s:57:16:57:Infinity":48,"s:59:4:96:Infinity":49,"f:59:15:59:21":11,"s:60:8:95:Infinity":50,"s:61:22:61:Infinity":51,"s:62:12:62:Infinity":52,"s:63:12:63:Infinity":53,"s:64:12:64:Infinity":54,"s:65:12:65:Infinity":55,"s:66:12:66:Infinity":56,"s:67:12:67:Infinity":57,"s:68:12:68:Infinity":58,"s:69:12:69:Infinity":59,"s:71:12:80:Infinity":60,"f:71:26:71:27":12,"s:72:16:72:Infinity":61,"s:73:16:73:Infinity":62,"s:74:16:74:Infinity":63,"b:74:80:74:107:74:107:74:115":16,"s:75:16:75:Infinity":64,"s:76:16:78:Infinity":65,"f:76:55:76:60":13,"s:77:20:77:Infinity":66,"b:77:46:77:64:77:64:77:69":17,"s:79:16:79:Infinity":67,"s:82:12:82:Infinity":68,"s:83:12:83:Infinity":69,"s:84:12:84:Infinity":70,"s:86:29:86:Infinity":71,"s:87:30:87:Infinity":72,"s:88:28:88:Infinity":73,"s:90:12:90:Infinity":74,"s:92:12:92:Infinity":75,"b:94:12:94:Infinity:undefined:undefined:undefined:undefined":18,"s:94:12:94:Infinity":76,"s:94:24:94:Infinity":77,"s:99:33:266:Infinity":78,"f:99:33:99:Infinity":14,"s:102:16:102:Infinity":79,"f:102:58:102:63":15,"s:102:63:102:69":80,"b:103:4:105:Infinity:undefined:undefined:undefined:undefined":19,"s:103:4:105:Infinity":81,"b:103:8:103:56:103:56:103:93":20,"s:104:8:104:Infinity":82,"f:104:29:104:34":16,"s:104:34:104:91":83,"b:106:4:108:Infinity:undefined:undefined:undefined:undefined":21,"s:106:4:108:Infinity":84,"b:106:8:106:55:106:55:106:91":22,"s:107:8:107:Infinity":85,"f:107:29:107:34":17,"s:107:34:107:89":86,"b:109:4:109:Infinity:undefined:undefined:undefined:undefined":23,"s:109:4:109:Infinity":87,"s:109:23:109:Infinity":88,"s:111:19:111:Infinity":89,"b:112:4:112:Infinity:undefined:undefined:undefined:undefined":24,"s:112:4:112:Infinity":90,"s:112:16:112:Infinity":91,"s:114:4:265:Infinity":92,"f:114:15:114:21":18,"s:115:8:264:Infinity":93,"s:116:27:116:Infinity":94,"s:117:24:117:Infinity":95,"b:118:12:118:Infinity:undefined:undefined:undefined:undefined":25,"s:118:12:118:Infinity":96,"s:118:22:118:Infinity":97,"s:120:31:120:Infinity":98,"s:121:30:121:Infinity":99,"s:123:33:123:Infinity":100,"s:124:30:124:Infinity":101,"s:125:33:125:Infinity":102,"s:126:34:126:Infinity":103,"s:127:32:127:Infinity":104,"s:129:12:129:Infinity":105,"s:130:12:130:Infinity":106,"s:133:27:133:Infinity":107,"s:134:12:134:Infinity":108,"s:135:12:135:Infinity":109,"s:136:12:136:Infinity":110,"s:137:12:137:Infinity":111,"s:138:12:138:Infinity":112,"s:141:12:141:Infinity":113,"s:142:12:142:Infinity":114,"s:143:12:143:Infinity":115,"s:145:12:145:Infinity":116,"s:146:12:146:Infinity":117,"s:147:12:147:Infinity":118,"s:150:12:150:Infinity":119,"s:151:12:151:Infinity":120,"s:152:12:152:Infinity":121,"s:153:12:153:Infinity":122,"s:154:12:154:Infinity":123,"s:156:12:156:Infinity":124,"s:157:12:157:Infinity":125,"s:158:12:158:Infinity":126,"s:159:12:159:Infinity":127,"s:161:12:161:Infinity":128,"s:162:12:162:Infinity":129,"s:163:12:163:Infinity":130,"s:165:12:165:Infinity":131,"s:166:12:166:Infinity":132,"s:167:28:167:Infinity":133,"s:168:29:168:Infinity":134,"s:169:12:169:Infinity":135,"s:172:31:172:Infinity":136,"s:173:25:173:Infinity":137,"s:175:12:175:Infinity":138,"s:176:12:176:Infinity":139,"s:177:12:177:Infinity":140,"s:178:12:178:Infinity":141,"s:179:12:179:Infinity":142,"s:181:12:181:Infinity":143,"s:182:12:182:Infinity":144,"s:183:12:183:Infinity":145,"s:184:12:186:Infinity":146,"s:184:25:184:28":147,"s:185:16:185:Infinity":148,"s:188:27:188:Infinity":149,"s:189:12:239:Infinity":150,"f:189:30:189:31":19,"b:190:16:190:Infinity:undefined:undefined:undefined:undefined":26,"s:190:16:190:Infinity":151,"s:190:73:190:Infinity":152,"s:192:16:192:Infinity":153,"b:192:52:192:64:192:64:192:Infinity":27,"s:193:16:193:Infinity":154,"s:194:16:194:Infinity":155,"s:195:16:195:Infinity":156,"s:197:16:197:Infinity":157,"s:198:16:198:Infinity":158,"s:199:16:199:Infinity":159,"s:200:16:200:Infinity":160,"s:202:16:202:Infinity":161,"s:203:16:203:Infinity":162,"s:204:16:204:Infinity":163,"s:205:16:205:Infinity":164,"b:205:29:205:40:205:40:205:47":28,"s:207:16:207:Infinity":165,"s:208:16:208:Infinity":166,"s:209:35:209:Infinity":167,"s:210:33:210:Infinity":168,"b:210:33:210:57:210:57:210:Infinity":29,"s:211:16:211:Infinity":169,"s:213:16:213:Infinity":170,"s:214:16:214:Infinity":171,"s:215:45:215:Infinity":172,"s:216:16:220:Infinity":173,"f:216:64:216:69":20,"b:217:20:219:Infinity:undefined:undefined:undefined:undefined":30,"s:217:20:219:Infinity":174,"s:218:24:218:Infinity":175,"s:221:36:221:Infinity":176,"s:222:16:222:Infinity":177,"b:222:29:222:44:222:44:222:74":31,"b:224:16:236:Infinity:228:16:236:Infinity":32,"s:224:16:236:Infinity":178,"s:225:20:225:Infinity":179,"s:226:20:226:Infinity":180,"s:227:20:227:Infinity":181,"b:228:16:236:Infinity:232:23:236:Infinity":33,"s:228:16:236:Infinity":182,"s:229:20:229:Infinity":183,"s:230:20:230:Infinity":184,"s:231:20:231:Infinity":185,"s:233:20:233:Infinity":186,"s:234:20:234:Infinity":187,"s:235:20:235:Infinity":188,"s:238:16:238:Infinity":189,"s:241:28:241:Infinity":190,"s:242:12:242:Infinity":191,"s:243:12:243:Infinity":192,"s:244:12:244:Infinity":193,"s:245:12:245:Infinity":194,"s:247:12:247:Infinity":195,"s:248:12:248:Infinity":196,"s:249:12:249:Infinity":197,"s:250:12:250:Infinity":198,"s:251:12:251:Infinity":199,"s:252:12:252:Infinity":200,"s:253:12:253:Infinity":201,"s:254:12:254:Infinity":202,"s:256:29:256:Infinity":203,"s:257:28:257:Infinity":204,"s:258:12:258:Infinity":205,"s:261:12:261:Infinity":206,"b:261:57:261:71:261:71:261:72":34,"b:263:12:263:Infinity:undefined:undefined:undefined:undefined":35,"s:263:12:263:Infinity":207,"s:263:24:263:Infinity":208},"fnNames":{}}}
,"/app/applet/services/licenseService.ts": {"path":"/app/applet/services/licenseService.ts","statementMap":{"0":{"start":{"line":5,"column":39},"end":{"line":58,"column":null}},"1":{"start":{"line":11,"column":18},"end":{"line":11,"column":null}},"2":{"start":{"line":12,"column":4},"end":{"line":12,"column":null}},"3":{"start":{"line":12,"column":16},"end":{"line":12,"column":null}},"4":{"start":{"line":14,"column":16},"end":{"line":14,"column":null}},"5":{"start":{"line":15,"column":4},"end":{"line":15,"column":null}},"6":{"start":{"line":15,"column":14},"end":{"line":15,"column":null}},"7":{"start":{"line":17,"column":25},"end":{"line":17,"column":null}},"8":{"start":{"line":19,"column":4},"end":{"line":19,"column":null}},"9":{"start":{"line":21,"column":4},"end":{"line":43,"column":null}},"10":{"start":{"line":22,"column":8},"end":{"line":42,"column":null}},"11":{"start":{"line":23,"column":27},"end":{"line":23,"column":null}},"12":{"start":{"line":24,"column":12},"end":{"line":39,"column":null}},"13":{"start":{"line":25,"column":16},"end":{"line":25,"column":null}},"14":{"start":{"line":26,"column":16},"end":{"line":26,"column":null}},"15":{"start":{"line":29,"column":16},"end":{"line":29,"column":null}},"16":{"start":{"line":31,"column":16},"end":{"line":31,"column":null}},"17":{"start":{"line":32,"column":16},"end":{"line":32,"column":null}},"18":{"start":{"line":33,"column":16},"end":{"line":33,"column":null}},"19":{"start":{"line":34,"column":16},"end":{"line":34,"column":null}},"20":{"start":{"line":35,"column":16},"end":{"line":35,"column":null}},"21":{"start":{"line":36,"column":16},"end":{"line":36,"column":null}},"22":{"start":{"line":38,"column":16},"end":{"line":38,"column":null}},"23":{"start":{"line":41,"column":12},"end":{"line":41,"column":null}},"24":{"start":{"line":46,"column":23},"end":{"line":46,"column":null}},"25":{"start":{"line":47,"column":4},"end":{"line":57,"column":null}},"26":{"start":{"line":48,"column":8},"end":{"line":48,"column":null}},"27":{"start":{"line":49,"column":8},"end":{"line":49,"column":null}},"28":{"start":{"line":50,"column":8},"end":{"line":50,"column":null}},"29":{"start":{"line":51,"column":8},"end":{"line":51,"column":null}},"30":{"start":{"line":52,"column":8},"end":{"line":52,"column":null}},"31":{"start":{"line":53,"column":8},"end":{"line":53,"column":null}},"32":{"start":{"line":54,"column":8},"end":{"line":54,"column":null}},"33":{"start":{"line":56,"column":8},"end":{"line":56,"column":null}},"34":{"start":{"line":60,"column":35},"end":{"line":106,"column":null}},"35":{"start":{"line":63,"column":20},"end":{"line":63,"column":null}},"36":{"start":{"line":64,"column":25},"end":{"line":64,"column":null}},"37":{"start":{"line":66,"column":4},"end":{"line":89,"column":null}},"38":{"start":{"line":67,"column":8},"end":{"line":88,"column":null}},"39":{"start":{"line":68,"column":27},"end":{"line":68,"column":null}},"40":{"start":{"line":69,"column":12},"end":{"line":85,"column":null}},"41":{"start":{"line":70,"column":16},"end":{"line":84,"column":null}},"42":{"start":{"line":71,"column":20},"end":{"line":76,"column":null}},"43":{"start":{"line":73,"column":24},"end":{"line":73,"column":null}},"44":{"start":{"line":74,"column":24},"end":{"line":74,"column":null}},"45":{"start":{"line":75,"column":24},"end":{"line":75,"column":null}},"46":{"start":{"line":78,"column":20},"end":{"line":83,"column":null}},"47":{"start":{"line":79,"column":24},"end":{"line":79,"column":null}},"48":{"start":{"line":80,"column":24},"end":{"line":80,"column":null}},"49":{"start":{"line":81,"column":24},"end":{"line":81,"column":null}},"50":{"start":{"line":82,"column":24},"end":{"line":82,"column":null}},"51":{"start":{"line":87,"column":12},"end":{"line":87,"column":null}},"52":{"start":{"line":91,"column":27},"end":{"line":91,"column":null}},"53":{"start":{"line":92,"column":22},"end":{"line":92,"column":null}},"54":{"start":{"line":93,"column":22},"end":{"line":93,"column":null}},"55":{"start":{"line":94,"column":4},"end":{"line":105,"column":null}},"56":{"start":{"line":95,"column":8},"end":{"line":95,"column":null}},"57":{"start":{"line":95,"column":23},"end":{"line":95,"column":null}},"58":{"start":{"line":96,"column":24},"end":{"line":96,"column":null}},"59":{"start":{"line":97,"column":8},"end":{"line":97,"column":null}},"60":{"start":{"line":97,"column":22},"end":{"line":97,"column":null}},"61":{"start":{"line":99,"column":36},"end":{"line":99,"column":null}},"62":{"start":{"line":100,"column":8},"end":{"line":100,"column":null}},"63":{"start":{"line":100,"column":33},"end":{"line":100,"column":null}},"64":{"start":{"line":102,"column":8},"end":{"line":102,"column":null}},"65":{"start":{"line":102,"column":23},"end":{"line":102,"column":null}},"66":{"start":{"line":103,"column":24},"end":{"line":103,"column":null}},"67":{"start":{"line":104,"column":8},"end":{"line":104,"column":null}},"68":{"start":{"line":104,"column":22},"end":{"line":104,"column":null}}},"fnMap":{"0":{"name":"(anonymous_0)","decl":{"start":{"line":5,"column":39},"end":{"line":5,"column":null}},"loc":{"start":{"line":10,"column":5},"end":{"line":58,"column":null}},"line":10},"1":{"name":"(anonymous_1)","decl":{"start":{"line":60,"column":35},"end":{"line":60,"column":null}},"loc":{"start":{"line":62,"column":5},"end":{"line":106,"column":null}},"line":62}},"branchMap":{"0":{"loc":{"start":{"line":12,"column":4},"end":{"line":12,"column":null}},"type":"if","locations":[{"start":{"line":12,"column":4},"end":{"line":12,"column":null}},{"start":{},"end":{}}],"line":12},"1":{"loc":{"start":{"line":15,"column":4},"end":{"line":15,"column":null}},"type":"if","locations":[{"start":{"line":15,"column":4},"end":{"line":15,"column":null}},{"start":{},"end":{}}],"line":15},"2":{"loc":{"start":{"line":17,"column":25},"end":{"line":17,"column":null}},"type":"binary-expr","locations":[{"start":{"line":17,"column":25},"end":{"line":17,"column":78}},{"start":{"line":17,"column":78},"end":{"line":17,"column":null}}],"line":17},"3":{"loc":{"start":{"line":21,"column":4},"end":{"line":43,"column":null}},"type":"if","locations":[{"start":{"line":21,"column":4},"end":{"line":43,"column":null}},{"start":{},"end":{}}],"line":21},"4":{"loc":{"start":{"line":24,"column":12},"end":{"line":39,"column":null}},"type":"if","locations":[{"start":{"line":24,"column":12},"end":{"line":39,"column":null}},{"start":{"line":37,"column":19},"end":{"line":39,"column":null}}],"line":24},"5":{"loc":{"start":{"line":24,"column":16},"end":{"line":24,"column":50}},"type":"binary-expr","locations":[{"start":{"line":24,"column":16},"end":{"line":24,"column":34}},{"start":{"line":24,"column":34},"end":{"line":24,"column":50}}],"line":24},"6":{"loc":{"start":{"line":47,"column":4},"end":{"line":57,"column":null}},"type":"if","locations":[{"start":{"line":47,"column":4},"end":{"line":57,"column":null}},{"start":{"line":55,"column":11},"end":{"line":57,"column":null}}],"line":47},"7":{"loc":{"start":{"line":64,"column":25},"end":{"line":64,"column":null}},"type":"binary-expr","locations":[{"start":{"line":64,"column":25},"end":{"line":64,"column":78}},{"start":{"line":64,"column":78},"end":{"line":64,"column":null}}],"line":64},"8":{"loc":{"start":{"line":66,"column":4},"end":{"line":89,"column":null}},"type":"if","locations":[{"start":{"line":66,"column":4},"end":{"line":89,"column":null}},{"start":{},"end":{}}],"line":66},"9":{"loc":{"start":{"line":66,"column":8},"end":{"line":66,"column":96}},"type":"binary-expr","locations":[{"start":{"line":66,"column":8},"end":{"line":66,"column":32}},{"start":{"line":66,"column":32},"end":{"line":66,"column":54}},{"start":{"line":66,"column":54},"end":{"line":66,"column":96}}],"line":66},"10":{"loc":{"start":{"line":69,"column":12},"end":{"line":85,"column":null}},"type":"if","locations":[{"start":{"line":69,"column":12},"end":{"line":85,"column":null}},{"start":{},"end":{}}],"line":69},"11":{"loc":{"start":{"line":70,"column":16},"end":{"line":84,"column":null}},"type":"if","locations":[{"start":{"line":70,"column":16},"end":{"line":84,"column":null}},{"start":{"line":77,"column":23},"end":{"line":84,"column":null}}],"line":70},"12":{"loc":{"start":{"line":70,"column":20},"end":{"line":70,"column":54}},"type":"binary-expr","locations":[{"start":{"line":70,"column":20},"end":{"line":70,"column":38}},{"start":{"line":70,"column":38},"end":{"line":70,"column":54}}],"line":70},"13":{"loc":{"start":{"line":71,"column":20},"end":{"line":76,"column":null}},"type":"if","locations":[{"start":{"line":71,"column":20},"end":{"line":76,"column":null}},{"start":{},"end":{}}],"line":71},"14":{"loc":{"start":{"line":71,"column":24},"end":{"line":72,"column":94}},"type":"binary-expr","locations":[{"start":{"line":71,"column":24},"end":{"line":71,"column":null}},{"start":{"line":72,"column":24},"end":{"line":72,"column":94}}],"line":71},"15":{"loc":{"start":{"line":78,"column":20},"end":{"line":83,"column":null}},"type":"if","locations":[{"start":{"line":78,"column":20},"end":{"line":83,"column":null}},{"start":{},"end":{}}],"line":78},"16":{"loc":{"start":{"line":92,"column":22},"end":{"line":92,"column":null}},"type":"binary-expr","locations":[{"start":{"line":92,"column":22},"end":{"line":92,"column":74}},{"start":{"line":92,"column":74},"end":{"line":92,"column":null}}],"line":92},"17":{"loc":{"start":{"line":94,"column":4},"end":{"line":105,"column":null}},"type":"if","locations":[{"start":{"line":94,"column":4},"end":{"line":105,"column":null}},{"start":{"line":101,"column":11},"end":{"line":105,"column":null}}],"line":94},"18":{"loc":{"start":{"line":95,"column":8},"end":{"line":95,"column":null}},"type":"if","locations":[{"start":{"line":95,"column":8},"end":{"line":95,"column":null}},{"start":{},"end":{}}],"line":95},"19":{"loc":{"start":{"line":97,"column":8},"end":{"line":97,"column":null}},"type":"if","locations":[{"start":{"line":97,"column":8},"end":{"line":97,"column":null}},{"start":{},"end":{}}],"line":97},"20":{"loc":{"start":{"line":100,"column":8},"end":{"line":100,"column":null}},"type":"if","locations":[{"start":{"line":100,"column":8},"end":{"line":100,"column":null}},{"start":{},"end":{}}],"line":100},"21":{"loc":{"start":{"line":102,"column":8},"end":{"line":102,"column":null}},"type":"if","locations":[{"start":{"line":102,"column":8},"end":{"line":102,"column":null}},{"start":{},"end":{}}],"line":102},"22":{"loc":{"start":{"line":104,"column":8},"end":{"line":104,"column":null}},"type":"if","locations":[{"start":{"line":104,"column":8},"end":{"line":104,"column":null}},{"start":{},"end":{}}],"line":104}},"s":{"0":1,"1":1,"2":1,"3":0,"4":1,"5":1,"6":0,"7":1,"8":1,"9":1,"10":1,"11":1,"12":1,"13":0,"14":0,"15":0,"16":0,"17":0,"18":0,"19":0,"20":0,"21":0,"22":1,"23":0,"24":0,"25":0,"26":0,"27":0,"28":0,"29":0,"30":0,"31":0,"32":0,"33":0,"34":1,"35":1,"36":1,"37":1,"38":0,"39":0,"40":0,"41":0,"42":0,"43":0,"44":0,"45":0,"46":0,"47":0,"48":0,"49":0,"50":0,"51":0,"52":1,"53":1,"54":1,"55":1,"56":1,"57":1,"58":1,"59":1,"60":1,"61":1,"62":1,"63":1,"64":0,"65":0,"66":0,"67":0,"68":0},"f":{"0":1,"1":1},"b":{"0":[0,1],"1":[0,1],"2":[1,0],"3":[1,0],"4":[0,1],"5":[1,0],"6":[0,0],"7":[1,0],"8":[0,1],"9":[1,1,1],"10":[0,0],"11":[0,0],"12":[0,0],"13":[0,0],"14":[0,0],"15":[0,0],"16":[1,0],"17":[1,0],"18":[1,0],"19":[1,0],"20":[1,0],"21":[0,0],"22":[0,0]},"meta":{"lastBranch":23,"lastFunction":2,"lastStatement":69,"seen":{"s:5:39:58:Infinity":0,"f:5:39:5:Infinity":0,"s:11:18:11:Infinity":1,"b:12:4:12:Infinity:undefined:undefined:undefined:undefined":0,"s:12:4:12:Infinity":2,"s:12:16:12:Infinity":3,"s:14:16:14:Infinity":4,"b:15:4:15:Infinity:undefined:undefined:undefined:undefined":1,"s:15:4:15:Infinity":5,"s:15:14:15:Infinity":6,"s:17:25:17:Infinity":7,"b:17:25:17:78:17:78:17:Infinity":2,"s:19:4:19:Infinity":8,"b:21:4:43:Infinity:undefined:undefined:undefined:undefined":3,"s:21:4:43:Infinity":9,"s:22:8:42:Infinity":10,"s:23:27:23:Infinity":11,"b:24:12:39:Infinity:37:19:39:Infinity":4,"s:24:12:39:Infinity":12,"b:24:16:24:34:24:34:24:50":5,"s:25:16:25:Infinity":13,"s:26:16:26:Infinity":14,"s:29:16:29:Infinity":15,"s:31:16:31:Infinity":16,"s:32:16:32:Infinity":17,"s:33:16:33:Infinity":18,"s:34:16:34:Infinity":19,"s:35:16:35:Infinity":20,"s:36:16:36:Infinity":21,"s:38:16:38:Infinity":22,"s:41:12:41:Infinity":23,"s:46:23:46:Infinity":24,"b:47:4:57:Infinity:55:11:57:Infinity":6,"s:47:4:57:Infinity":25,"s:48:8:48:Infinity":26,"s:49:8:49:Infinity":27,"s:50:8:50:Infinity":28,"s:51:8:51:Infinity":29,"s:52:8:52:Infinity":30,"s:53:8:53:Infinity":31,"s:54:8:54:Infinity":32,"s:56:8:56:Infinity":33,"s:60:35:106:Infinity":34,"f:60:35:60:Infinity":1,"s:63:20:63:Infinity":35,"s:64:25:64:Infinity":36,"b:64:25:64:78:64:78:64:Infinity":7,"b:66:4:89:Infinity:undefined:undefined:undefined:undefined":8,"s:66:4:89:Infinity":37,"b:66:8:66:32:66:32:66:54:66:54:66:96":9,"s:67:8:88:Infinity":38,"s:68:27:68:Infinity":39,"b:69:12:85:Infinity:undefined:undefined:undefined:undefined":10,"s:69:12:85:Infinity":40,"b:70:16:84:Infinity:77:23:84:Infinity":11,"s:70:16:84:Infinity":41,"b:70:20:70:38:70:38:70:54":12,"b:71:20:76:Infinity:undefined:undefined:undefined:undefined":13,"s:71:20:76:Infinity":42,"b:71:24:71:Infinity:72:24:72:94":14,"s:73:24:73:Infinity":43,"s:74:24:74:Infinity":44,"s:75:24:75:Infinity":45,"b:78:20:83:Infinity:undefined:undefined:undefined:undefined":15,"s:78:20:83:Infinity":46,"s:79:24:79:Infinity":47,"s:80:24:80:Infinity":48,"s:81:24:81:Infinity":49,"s:82:24:82:Infinity":50,"s:87:12:87:Infinity":51,"s:91:27:91:Infinity":52,"s:92:22:92:Infinity":53,"b:92:22:92:74:92:74:92:Infinity":16,"s:93:22:93:Infinity":54,"b:94:4:105:Infinity:101:11:105:Infinity":17,"s:94:4:105:Infinity":55,"b:95:8:95:Infinity:undefined:undefined:undefined:undefined":18,"s:95:8:95:Infinity":56,"s:95:23:95:Infinity":57,"s:96:24:96:Infinity":58,"b:97:8:97:Infinity:undefined:undefined:undefined:undefined":19,"s:97:8:97:Infinity":59,"s:97:22:97:Infinity":60,"s:99:36:99:Infinity":61,"b:100:8:100:Infinity:undefined:undefined:undefined:undefined":20,"s:100:8:100:Infinity":62,"s:100:33:100:Infinity":63,"b:102:8:102:Infinity:undefined:undefined:undefined:undefined":21,"s:102:8:102:Infinity":64,"s:102:23:102:Infinity":65,"s:103:24:103:Infinity":66,"b:104:8:104:Infinity:undefined:undefined:undefined:undefined":22,"s:104:8:104:Infinity":67,"s:104:22:104:Infinity":68},"fnNames":{}}}
}
